ARM GAS  /tmp/ccCV8DTt.s 			page 1


   1              		.cpu cortex-m4
   2              		.eabi_attribute 27, 1
   3              		.eabi_attribute 28, 1
   4              		.eabi_attribute 20, 1
   5              		.eabi_attribute 21, 1
   6              		.eabi_attribute 23, 3
   7              		.eabi_attribute 24, 1
   8              		.eabi_attribute 25, 1
   9              		.eabi_attribute 26, 1
  10              		.eabi_attribute 30, 2
  11              		.eabi_attribute 34, 1
  12              		.eabi_attribute 18, 4
  13              		.file	"chtrace.c"
  14              		.text
  15              	.Ltext0:
  16              		.cfi_sections	.debug_frame
  17              	.Letext0:
  18              		.file 1 "/usr/lib/gcc/arm-none-eabi/7.3.1/include/stddef.h"
  19              		.file 2 "/usr/arm-none-eabi/include/machine/_default_types.h"
  20              		.file 3 "/usr/arm-none-eabi/include/sys/_stdint.h"
  21              		.file 4 "./RM18A-ChibiOS18-Core/chibios/os/common/ports/ARMCMx/compilers/GCC/chtypes.h"
  22              		.file 5 "./RM18A-ChibiOS18-Core/chibios/os/rt/include/chsystypes.h"
  23              		.file 6 "./RM18A-ChibiOS18-Core/chibios/os/rt/include/chschd.h"
  24              		.file 7 "./RM18A-ChibiOS18-Core/chibios/os/rt/include/chtime.h"
  25              		.file 8 "./RM18A-ChibiOS18-Core/chibios/os/common/ext/ARM/CMSIS/Core/Include/core_cm4.h"
  26              		.file 9 "./RM18A-ChibiOS18-Core/chibios/os/common/ext/ST/STM32F4xx/system_stm32f4xx.h"
  27              		.file 10 "./RM18A-ChibiOS18-Core/chibios/os/common/ports/ARMCMx/chcore.h"
  28              		.file 11 "./RM18A-ChibiOS18-Core/chibios/os/common/ports/ARMCMx/chcore_v7m.h"
  29              		.file 12 "./RM18A-ChibiOS18-Core/chibios/os/rt/include/chtm.h"
  30              		.file 13 "./RM18A-ChibiOS18-Core/chibios/os/rt/include/chsem.h"
  31              		.file 14 "./RM18A-ChibiOS18-Core/chibios/os/rt/include/chmtx.h"
  32              		.file 15 "./RM18A-ChibiOS18-Core/chibios/os/rt/include/chsys.h"
  33              		.file 16 "./RM18A-ChibiOS18-Core/chibios/os/rt/include/chregistry.h"
  34              		.file 17 "./RM18A-ChibiOS18-Core/chibios/os/oslib/include/chmemcore.h"
  35              		.file 18 "./RM18A-ChibiOS18-Core/chibios/os/oslib/include/chmempools.h"
  36              		.file 19 "./RM18A-ChibiOS18-Core/chibios/os/oslib/include/chfactory.h"
  37              		.section	.debug_info,"",%progbits
  38              	.Ldebug_info0:
  39 0000 620A0000 		.4byte	0xa62
  40 0004 0400     		.2byte	0x4
  41 0006 00000000 		.4byte	.Ldebug_abbrev0
  42 000a 04       		.byte	0x4
  43 000b 01       		.uleb128 0x1
  44 000c 00050000 		.4byte	.LASF145
  45 0010 0C       		.byte	0xc
  46 0011 00000000 		.4byte	.LASF146
  47 0015 55030000 		.4byte	.LASF147
  48 0019 00000000 		.4byte	.Ldebug_line0
  49 001d 02       		.uleb128 0x2
  50 001e 04       		.byte	0x4
  51 001f 05       		.byte	0x5
  52 0020 696E7400 		.ascii	"int\000"
  53 0024 03       		.uleb128 0x3
  54 0025 40000000 		.4byte	.LASF4
  55 0029 01       		.byte	0x1
  56 002a D8       		.byte	0xd8
  57 002b 2F000000 		.4byte	0x2f
ARM GAS  /tmp/ccCV8DTt.s 			page 2


  58 002f 04       		.uleb128 0x4
  59 0030 04       		.byte	0x4
  60 0031 07       		.byte	0x7
  61 0032 F2010000 		.4byte	.LASF0
  62 0036 04       		.uleb128 0x4
  63 0037 08       		.byte	0x8
  64 0038 05       		.byte	0x5
  65 0039 20010000 		.4byte	.LASF1
  66 003d 04       		.uleb128 0x4
  67 003e 08       		.byte	0x8
  68 003f 04       		.byte	0x4
  69 0040 33030000 		.4byte	.LASF2
  70 0044 04       		.uleb128 0x4
  71 0045 01       		.byte	0x1
  72 0046 06       		.byte	0x6
  73 0047 2E010000 		.4byte	.LASF3
  74 004b 03       		.uleb128 0x3
  75 004c 5D000000 		.4byte	.LASF5
  76 0050 02       		.byte	0x2
  77 0051 2B       		.byte	0x2b
  78 0052 56000000 		.4byte	0x56
  79 0056 04       		.uleb128 0x4
  80 0057 01       		.byte	0x1
  81 0058 08       		.byte	0x8
  82 0059 32040000 		.4byte	.LASF6
  83 005d 04       		.uleb128 0x4
  84 005e 02       		.byte	0x2
  85 005f 05       		.byte	0x5
  86 0060 56040000 		.4byte	.LASF7
  87 0064 03       		.uleb128 0x3
  88 0065 09060000 		.4byte	.LASF8
  89 0069 02       		.byte	0x2
  90 006a 39       		.byte	0x39
  91 006b 6F000000 		.4byte	0x6f
  92 006f 04       		.uleb128 0x4
  93 0070 02       		.byte	0x2
  94 0071 07       		.byte	0x7
  95 0072 5F060000 		.4byte	.LASF9
  96 0076 03       		.uleb128 0x3
  97 0077 D5020000 		.4byte	.LASF10
  98 007b 02       		.byte	0x2
  99 007c 4D       		.byte	0x4d
 100 007d 81000000 		.4byte	0x81
 101 0081 04       		.uleb128 0x4
 102 0082 04       		.byte	0x4
 103 0083 05       		.byte	0x5
 104 0084 5B010000 		.4byte	.LASF11
 105 0088 03       		.uleb128 0x3
 106 0089 88010000 		.4byte	.LASF12
 107 008d 02       		.byte	0x2
 108 008e 4F       		.byte	0x4f
 109 008f 93000000 		.4byte	0x93
 110 0093 04       		.uleb128 0x4
 111 0094 04       		.byte	0x4
 112 0095 07       		.byte	0x7
 113 0096 DC050000 		.4byte	.LASF13
 114 009a 03       		.uleb128 0x3
ARM GAS  /tmp/ccCV8DTt.s 			page 3


 115 009b D0030000 		.4byte	.LASF14
 116 009f 02       		.byte	0x2
 117 00a0 69       		.byte	0x69
 118 00a1 A5000000 		.4byte	0xa5
 119 00a5 04       		.uleb128 0x4
 120 00a6 08       		.byte	0x8
 121 00a7 07       		.byte	0x7
 122 00a8 A6000000 		.4byte	.LASF15
 123 00ac 03       		.uleb128 0x3
 124 00ad C9060000 		.4byte	.LASF16
 125 00b1 03       		.byte	0x3
 126 00b2 18       		.byte	0x18
 127 00b3 4B000000 		.4byte	0x4b
 128 00b7 05       		.uleb128 0x5
 129 00b8 AC000000 		.4byte	0xac
 130 00bc 03       		.uleb128 0x3
 131 00bd FF010000 		.4byte	.LASF17
 132 00c1 03       		.byte	0x3
 133 00c2 24       		.byte	0x24
 134 00c3 64000000 		.4byte	0x64
 135 00c7 03       		.uleb128 0x3
 136 00c8 2A040000 		.4byte	.LASF18
 137 00cc 03       		.byte	0x3
 138 00cd 2C       		.byte	0x2c
 139 00ce 76000000 		.4byte	0x76
 140 00d2 06       		.uleb128 0x6
 141 00d3 C7000000 		.4byte	0xc7
 142 00d7 03       		.uleb128 0x3
 143 00d8 DA040000 		.4byte	.LASF19
 144 00dc 03       		.byte	0x3
 145 00dd 30       		.byte	0x30
 146 00de 88000000 		.4byte	0x88
 147 00e2 03       		.uleb128 0x3
 148 00e3 54000000 		.4byte	.LASF20
 149 00e7 03       		.byte	0x3
 150 00e8 3C       		.byte	0x3c
 151 00e9 9A000000 		.4byte	0x9a
 152 00ed 03       		.uleb128 0x3
 153 00ee 01030000 		.4byte	.LASF21
 154 00f2 04       		.byte	0x4
 155 00f3 27       		.byte	0x27
 156 00f4 D7000000 		.4byte	0xd7
 157 00f8 03       		.uleb128 0x3
 158 00f9 9E020000 		.4byte	.LASF22
 159 00fd 04       		.byte	0x4
 160 00fe 2A       		.byte	0x2a
 161 00ff AC000000 		.4byte	0xac
 162 0103 03       		.uleb128 0x3
 163 0104 64010000 		.4byte	.LASF23
 164 0108 04       		.byte	0x4
 165 0109 2B       		.byte	0x2b
 166 010a AC000000 		.4byte	0xac
 167 010e 03       		.uleb128 0x3
 168 010f E5030000 		.4byte	.LASF24
 169 0113 04       		.byte	0x4
 170 0114 2C       		.byte	0x2c
 171 0115 AC000000 		.4byte	0xac
ARM GAS  /tmp/ccCV8DTt.s 			page 4


 172 0119 03       		.uleb128 0x3
 173 011a 11040000 		.4byte	.LASF25
 174 011e 04       		.byte	0x4
 175 011f 2E       		.byte	0x2e
 176 0120 D7000000 		.4byte	0xd7
 177 0124 03       		.uleb128 0x3
 178 0125 69020000 		.4byte	.LASF26
 179 0129 04       		.byte	0x4
 180 012a 2F       		.byte	0x2f
 181 012b C7000000 		.4byte	0xc7
 182 012f 03       		.uleb128 0x3
 183 0130 B4020000 		.4byte	.LASF27
 184 0134 04       		.byte	0x4
 185 0135 31       		.byte	0x31
 186 0136 D7000000 		.4byte	0xd7
 187 013a 03       		.uleb128 0x3
 188 013b EC010000 		.4byte	.LASF28
 189 013f 04       		.byte	0x4
 190 0140 33       		.byte	0x33
 191 0141 C7000000 		.4byte	0xc7
 192 0145 03       		.uleb128 0x3
 193 0146 6F020000 		.4byte	.LASF29
 194 014a 04       		.byte	0x4
 195 014b 34       		.byte	0x34
 196 014c D7000000 		.4byte	0xd7
 197 0150 03       		.uleb128 0x3
 198 0151 14060000 		.4byte	.LASF30
 199 0155 05       		.byte	0x5
 200 0156 34       		.byte	0x34
 201 0157 5B010000 		.4byte	0x15b
 202 015b 07       		.uleb128 0x7
 203 015c 5F020000 		.4byte	.LASF48
 204 0160 44       		.byte	0x44
 205 0161 06       		.byte	0x6
 206 0162 8E       		.byte	0x8e
 207 0163 39020000 		.4byte	0x239
 208 0167 08       		.uleb128 0x8
 209 0168 41020000 		.4byte	.LASF31
 210 016c 06       		.byte	0x6
 211 016d 8F       		.byte	0x8f
 212 016e 6E020000 		.4byte	0x26e
 213 0172 00       		.byte	0
 214 0173 08       		.uleb128 0x8
 215 0174 BA030000 		.4byte	.LASF32
 216 0178 06       		.byte	0x6
 217 0179 90       		.byte	0x90
 218 017a 19010000 		.4byte	0x119
 219 017e 08       		.byte	0x8
 220 017f 09       		.uleb128 0x9
 221 0180 63747800 		.ascii	"ctx\000"
 222 0184 06       		.byte	0x6
 223 0185 91       		.byte	0x91
 224 0186 CC040000 		.4byte	0x4cc
 225 018a 0C       		.byte	0xc
 226 018b 08       		.uleb128 0x8
 227 018c EA020000 		.4byte	.LASF33
 228 0190 06       		.byte	0x6
ARM GAS  /tmp/ccCV8DTt.s 			page 5


 229 0191 93       		.byte	0x93
 230 0192 44020000 		.4byte	0x244
 231 0196 10       		.byte	0x10
 232 0197 08       		.uleb128 0x8
 233 0198 FA050000 		.4byte	.LASF34
 234 019c 06       		.byte	0x6
 235 019d 94       		.byte	0x94
 236 019e 44020000 		.4byte	0x244
 237 01a2 14       		.byte	0x14
 238 01a3 08       		.uleb128 0x8
 239 01a4 3C020000 		.4byte	.LASF35
 240 01a8 06       		.byte	0x6
 241 01a9 9B       		.byte	0x9b
 242 01aa 20070000 		.4byte	0x720
 243 01ae 18       		.byte	0x18
 244 01af 08       		.uleb128 0x8
 245 01b0 EE050000 		.4byte	.LASF36
 246 01b4 06       		.byte	0x6
 247 01b5 A4       		.byte	0xa4
 248 01b6 37070000 		.4byte	0x737
 249 01ba 1C       		.byte	0x1c
 250 01bb 08       		.uleb128 0x8
 251 01bc 55010000 		.4byte	.LASF37
 252 01c0 06       		.byte	0x6
 253 01c1 A9       		.byte	0xa9
 254 01c2 03010000 		.4byte	0x103
 255 01c6 20       		.byte	0x20
 256 01c7 08       		.uleb128 0x8
 257 01c8 D1060000 		.4byte	.LASF38
 258 01cc 06       		.byte	0x6
 259 01cd AD       		.byte	0xad
 260 01ce F8000000 		.4byte	0xf8
 261 01d2 21       		.byte	0x21
 262 01d3 08       		.uleb128 0x8
 263 01d4 ED030000 		.4byte	.LASF39
 264 01d8 06       		.byte	0x6
 265 01d9 B2       		.byte	0xb2
 266 01da 0E010000 		.4byte	0x10e
 267 01de 22       		.byte	0x22
 268 01df 0A       		.uleb128 0xa
 269 01e0 7500     		.ascii	"u\000"
 270 01e2 06       		.byte	0x6
 271 01e3 0301     		.2byte	0x103
 272 01e5 56060000 		.4byte	0x656
 273 01e9 24       		.byte	0x24
 274 01ea 0B       		.uleb128 0xb
 275 01eb B5010000 		.4byte	.LASF40
 276 01ef 06       		.byte	0x6
 277 01f0 0801     		.2byte	0x108
 278 01f2 4A020000 		.4byte	0x24a
 279 01f6 28       		.byte	0x28
 280 01f7 0B       		.uleb128 0xb
 281 01f8 4C010000 		.4byte	.LASF41
 282 01fc 06       		.byte	0x6
 283 01fd 0E01     		.2byte	0x10e
 284 01ff 6E020000 		.4byte	0x26e
 285 0203 2C       		.byte	0x2c
ARM GAS  /tmp/ccCV8DTt.s 			page 6


 286 0204 0B       		.uleb128 0xb
 287 0205 76020000 		.4byte	.LASF42
 288 0209 06       		.byte	0x6
 289 020a 1401     		.2byte	0x114
 290 020c 2F010000 		.4byte	0x12f
 291 0210 34       		.byte	0x34
 292 0211 0B       		.uleb128 0xb
 293 0212 1D070000 		.4byte	.LASF43
 294 0216 06       		.byte	0x6
 295 0217 1B01     		.2byte	0x11b
 296 0219 1A070000 		.4byte	0x71a
 297 021d 38       		.byte	0x38
 298 021e 0B       		.uleb128 0xb
 299 021f F0020000 		.4byte	.LASF44
 300 0223 06       		.byte	0x6
 301 0224 1F01     		.2byte	0x11f
 302 0226 19010000 		.4byte	0x119
 303 022a 3C       		.byte	0x3c
 304 022b 0B       		.uleb128 0xb
 305 022c 47020000 		.4byte	.LASF45
 306 0230 06       		.byte	0x6
 307 0231 2601     		.2byte	0x126
 308 0233 21030000 		.4byte	0x321
 309 0237 40       		.byte	0x40
 310 0238 00       		.byte	0
 311 0239 03       		.uleb128 0x3
 312 023a 09030000 		.4byte	.LASF46
 313 023e 05       		.byte	0x5
 314 023f 39       		.byte	0x39
 315 0240 44020000 		.4byte	0x244
 316 0244 0C       		.uleb128 0xc
 317 0245 04       		.byte	0x4
 318 0246 50010000 		.4byte	0x150
 319 024a 03       		.uleb128 0x3
 320 024b E8060000 		.4byte	.LASF47
 321 024f 05       		.byte	0x5
 322 0250 3E       		.byte	0x3e
 323 0251 55020000 		.4byte	0x255
 324 0255 07       		.uleb128 0x7
 325 0256 EA040000 		.4byte	.LASF49
 326 025a 04       		.byte	0x4
 327 025b 06       		.byte	0x6
 328 025c 7C       		.byte	0x7c
 329 025d 6E020000 		.4byte	0x26e
 330 0261 08       		.uleb128 0x8
 331 0262 0A010000 		.4byte	.LASF50
 332 0266 06       		.byte	0x6
 333 0267 7D       		.byte	0x7d
 334 0268 44020000 		.4byte	0x244
 335 026c 00       		.byte	0
 336 026d 00       		.byte	0
 337 026e 03       		.uleb128 0x3
 338 026f A4060000 		.4byte	.LASF51
 339 0273 05       		.byte	0x5
 340 0274 45       		.byte	0x45
 341 0275 79020000 		.4byte	0x279
 342 0279 07       		.uleb128 0x7
ARM GAS  /tmp/ccCV8DTt.s 			page 7


 343 027a 0F010000 		.4byte	.LASF52
 344 027e 08       		.byte	0x8
 345 027f 06       		.byte	0x6
 346 0280 83       		.byte	0x83
 347 0281 9E020000 		.4byte	0x29e
 348 0285 08       		.uleb128 0x8
 349 0286 0A010000 		.4byte	.LASF50
 350 028a 06       		.byte	0x6
 351 028b 84       		.byte	0x84
 352 028c 44020000 		.4byte	0x244
 353 0290 00       		.byte	0
 354 0291 08       		.uleb128 0x8
 355 0292 67000000 		.4byte	.LASF53
 356 0296 06       		.byte	0x6
 357 0297 85       		.byte	0x85
 358 0298 44020000 		.4byte	0x244
 359 029c 04       		.byte	0x4
 360 029d 00       		.byte	0
 361 029e 03       		.uleb128 0x3
 362 029f 33000000 		.4byte	.LASF54
 363 02a3 05       		.byte	0x5
 364 02a4 4C       		.byte	0x4c
 365 02a5 A9020000 		.4byte	0x2a9
 366 02a9 0D       		.uleb128 0xd
 367 02aa A6020000 		.4byte	.LASF55
 368 02ae 1C       		.byte	0x1c
 369 02af 06       		.byte	0x6
 370 02b0 5E01     		.2byte	0x15e
 371 02b2 05030000 		.4byte	0x305
 372 02b6 0B       		.uleb128 0xb
 373 02b7 41020000 		.4byte	.LASF31
 374 02bb 06       		.byte	0x6
 375 02bc 5F01     		.2byte	0x15f
 376 02be 6E020000 		.4byte	0x26e
 377 02c2 00       		.byte	0
 378 02c3 0B       		.uleb128 0xb
 379 02c4 BA030000 		.4byte	.LASF32
 380 02c8 06       		.byte	0x6
 381 02c9 6001     		.2byte	0x160
 382 02cb 19010000 		.4byte	0x119
 383 02cf 08       		.byte	0x8
 384 02d0 0A       		.uleb128 0xa
 385 02d1 63747800 		.ascii	"ctx\000"
 386 02d5 06       		.byte	0x6
 387 02d6 6201     		.2byte	0x162
 388 02d8 CC040000 		.4byte	0x4cc
 389 02dc 0C       		.byte	0xc
 390 02dd 0B       		.uleb128 0xb
 391 02de EA020000 		.4byte	.LASF33
 392 02e2 06       		.byte	0x6
 393 02e3 6501     		.2byte	0x165
 394 02e5 44020000 		.4byte	0x244
 395 02e9 10       		.byte	0x10
 396 02ea 0B       		.uleb128 0xb
 397 02eb FA050000 		.4byte	.LASF34
 398 02ef 06       		.byte	0x6
 399 02f0 6601     		.2byte	0x166
ARM GAS  /tmp/ccCV8DTt.s 			page 8


 400 02f2 44020000 		.4byte	0x244
 401 02f6 14       		.byte	0x14
 402 02f7 0B       		.uleb128 0xb
 403 02f8 C8030000 		.4byte	.LASF56
 404 02fc 06       		.byte	0x6
 405 02fd 6901     		.2byte	0x169
 406 02ff 44020000 		.4byte	0x244
 407 0303 18       		.byte	0x18
 408 0304 00       		.byte	0
 409 0305 03       		.uleb128 0x3
 410 0306 32060000 		.4byte	.LASF57
 411 030a 05       		.byte	0x5
 412 030b 51       		.byte	0x51
 413 030c 10030000 		.4byte	0x310
 414 0310 0C       		.uleb128 0xc
 415 0311 04       		.byte	0x4
 416 0312 16030000 		.4byte	0x316
 417 0316 0E       		.uleb128 0xe
 418 0317 21030000 		.4byte	0x321
 419 031b 0F       		.uleb128 0xf
 420 031c 21030000 		.4byte	0x321
 421 0320 00       		.byte	0
 422 0321 10       		.uleb128 0x10
 423 0322 04       		.byte	0x4
 424 0323 03       		.uleb128 0x3
 425 0324 F2030000 		.4byte	.LASF58
 426 0328 05       		.byte	0x5
 427 0329 56       		.byte	0x56
 428 032a 2E030000 		.4byte	0x32e
 429 032e 0D       		.uleb128 0xd
 430 032f 8E040000 		.4byte	.LASF59
 431 0333 14       		.byte	0x14
 432 0334 06       		.byte	0x6
 433 0335 3901     		.2byte	0x139
 434 0337 7D030000 		.4byte	0x37d
 435 033b 0B       		.uleb128 0xb
 436 033c 0A010000 		.4byte	.LASF50
 437 0340 06       		.byte	0x6
 438 0341 3A01     		.2byte	0x13a
 439 0343 3D070000 		.4byte	0x73d
 440 0347 00       		.byte	0
 441 0348 0B       		.uleb128 0xb
 442 0349 67000000 		.4byte	.LASF53
 443 034d 06       		.byte	0x6
 444 034e 3B01     		.2byte	0x13b
 445 0350 3D070000 		.4byte	0x73d
 446 0354 04       		.byte	0x4
 447 0355 0B       		.uleb128 0xb
 448 0356 47000000 		.4byte	.LASF60
 449 035a 06       		.byte	0x6
 450 035b 3C01     		.2byte	0x13c
 451 035d 54040000 		.4byte	0x454
 452 0361 08       		.byte	0x8
 453 0362 0B       		.uleb128 0xb
 454 0363 6D010000 		.4byte	.LASF61
 455 0367 06       		.byte	0x6
 456 0368 3D01     		.2byte	0x13d
ARM GAS  /tmp/ccCV8DTt.s 			page 9


 457 036a 05030000 		.4byte	0x305
 458 036e 0C       		.byte	0xc
 459 036f 0A       		.uleb128 0xa
 460 0370 70617200 		.ascii	"par\000"
 461 0374 06       		.byte	0x6
 462 0375 3F01     		.2byte	0x13f
 463 0377 21030000 		.4byte	0x321
 464 037b 10       		.byte	0x10
 465 037c 00       		.byte	0
 466 037d 03       		.uleb128 0x3
 467 037e D9000000 		.4byte	.LASF62
 468 0382 05       		.byte	0x5
 469 0383 5B       		.byte	0x5b
 470 0384 88030000 		.4byte	0x388
 471 0388 0D       		.uleb128 0xd
 472 0389 1C030000 		.4byte	.LASF63
 473 038d 10       		.byte	0x10
 474 038e 06       		.byte	0x6
 475 038f 4901     		.2byte	0x149
 476 0391 CA030000 		.4byte	0x3ca
 477 0395 0B       		.uleb128 0xb
 478 0396 0A010000 		.4byte	.LASF50
 479 039a 06       		.byte	0x6
 480 039b 4A01     		.2byte	0x14a
 481 039d 3D070000 		.4byte	0x73d
 482 03a1 00       		.byte	0
 483 03a2 0B       		.uleb128 0xb
 484 03a3 67000000 		.4byte	.LASF53
 485 03a7 06       		.byte	0x6
 486 03a8 4C01     		.2byte	0x14c
 487 03aa 3D070000 		.4byte	0x73d
 488 03ae 04       		.byte	0x4
 489 03af 0B       		.uleb128 0xb
 490 03b0 47000000 		.4byte	.LASF60
 491 03b4 06       		.byte	0x6
 492 03b5 4E01     		.2byte	0x14e
 493 03b7 54040000 		.4byte	0x454
 494 03bb 08       		.byte	0x8
 495 03bc 0B       		.uleb128 0xb
 496 03bd 60040000 		.4byte	.LASF64
 497 03c1 06       		.byte	0x6
 498 03c2 5601     		.2byte	0x156
 499 03c4 49040000 		.4byte	0x449
 500 03c8 0C       		.byte	0xc
 501 03c9 00       		.byte	0
 502 03ca 03       		.uleb128 0x3
 503 03cb 78000000 		.4byte	.LASF65
 504 03cf 05       		.byte	0x5
 505 03d0 60       		.byte	0x60
 506 03d1 D5030000 		.4byte	0x3d5
 507 03d5 0D       		.uleb128 0xd
 508 03d6 A5010000 		.4byte	.LASF66
 509 03da 04       		.byte	0x4
 510 03db 06       		.byte	0x6
 511 03dc 7001     		.2byte	0x170
 512 03de F0030000 		.4byte	0x3f0
 513 03e2 0B       		.uleb128 0xb
ARM GAS  /tmp/ccCV8DTt.s 			page 10


 514 03e3 3B060000 		.4byte	.LASF67
 515 03e7 06       		.byte	0x6
 516 03e8 7801     		.2byte	0x178
 517 03ea 26070000 		.4byte	0x726
 518 03ee 00       		.byte	0
 519 03ef 00       		.byte	0
 520 03f0 03       		.uleb128 0x3
 521 03f1 8A020000 		.4byte	.LASF68
 522 03f5 05       		.byte	0x5
 523 03f6 65       		.byte	0x65
 524 03f7 FB030000 		.4byte	0x3fb
 525 03fb 0D       		.uleb128 0xd
 526 03fc 70040000 		.4byte	.LASF69
 527 0400 78       		.byte	0x78
 528 0401 06       		.byte	0x6
 529 0402 9001     		.2byte	0x190
 530 0404 49040000 		.4byte	0x449
 531 0408 0B       		.uleb128 0xb
 532 0409 3F010000 		.4byte	.LASF70
 533 040d 06       		.byte	0x6
 534 040e 9401     		.2byte	0x194
 535 0410 9E020000 		.4byte	0x29e
 536 0414 00       		.byte	0
 537 0415 0B       		.uleb128 0xb
 538 0416 45010000 		.4byte	.LASF71
 539 041a 06       		.byte	0x6
 540 041b 9801     		.2byte	0x198
 541 041d 7D030000 		.4byte	0x37d
 542 0421 1C       		.byte	0x1c
 543 0422 0A       		.uleb128 0xa
 544 0423 64626700 		.ascii	"dbg\000"
 545 0427 06       		.byte	0x6
 546 0428 9C01     		.2byte	0x19c
 547 042a CA030000 		.4byte	0x3ca
 548 042e 2C       		.byte	0x2c
 549 042f 0B       		.uleb128 0xb
 550 0430 C6000000 		.4byte	.LASF72
 551 0434 06       		.byte	0x6
 552 0435 A001     		.2byte	0x1a0
 553 0437 50010000 		.4byte	0x150
 554 043b 30       		.byte	0x30
 555 043c 0A       		.uleb128 0xa
 556 043d 746D00   		.ascii	"tm\000"
 557 0440 06       		.byte	0x6
 558 0441 A501     		.2byte	0x1a5
 559 0443 4B060000 		.4byte	0x64b
 560 0447 74       		.byte	0x74
 561 0448 00       		.byte	0
 562 0449 03       		.uleb128 0x3
 563 044a 28060000 		.4byte	.LASF73
 564 044e 07       		.byte	0x7
 565 044f 6D       		.byte	0x6d
 566 0450 D7000000 		.4byte	0xd7
 567 0454 03       		.uleb128 0x3
 568 0455 DE010000 		.4byte	.LASF74
 569 0459 07       		.byte	0x7
 570 045a 79       		.byte	0x79
ARM GAS  /tmp/ccCV8DTt.s 			page 11


 571 045b D7000000 		.4byte	0xd7
 572 045f 11       		.uleb128 0x11
 573 0460 EF000000 		.4byte	.LASF75
 574 0464 08       		.byte	0x8
 575 0465 0408     		.2byte	0x804
 576 0467 D2000000 		.4byte	0xd2
 577 046b 12       		.uleb128 0x12
 578 046c 08020000 		.4byte	.LASF76
 579 0470 09       		.byte	0x9
 580 0471 4C       		.byte	0x4c
 581 0472 D7000000 		.4byte	0xd7
 582 0476 13       		.uleb128 0x13
 583 0477 B7000000 		.4byte	0xb7
 584 047b 86040000 		.4byte	0x486
 585 047f 14       		.uleb128 0x14
 586 0480 2F000000 		.4byte	0x2f
 587 0484 0F       		.byte	0xf
 588 0485 00       		.byte	0
 589 0486 05       		.uleb128 0x5
 590 0487 76040000 		.4byte	0x476
 591 048b 12       		.uleb128 0x12
 592 048c C0020000 		.4byte	.LASF77
 593 0490 09       		.byte	0x9
 594 0491 4E       		.byte	0x4e
 595 0492 86040000 		.4byte	0x486
 596 0496 13       		.uleb128 0x13
 597 0497 B7000000 		.4byte	0xb7
 598 049b A6040000 		.4byte	0x4a6
 599 049f 14       		.uleb128 0x14
 600 04a0 2F000000 		.4byte	0x2f
 601 04a4 07       		.byte	0x7
 602 04a5 00       		.byte	0
 603 04a6 05       		.uleb128 0x5
 604 04a7 96040000 		.4byte	0x496
 605 04ab 12       		.uleb128 0x12
 606 04ac BD010000 		.4byte	.LASF78
 607 04b0 09       		.byte	0x9
 608 04b1 4F       		.byte	0x4f
 609 04b2 A6040000 		.4byte	0x4a6
 610 04b6 03       		.uleb128 0x3
 611 04b7 93010000 		.4byte	.LASF79
 612 04bb 0A       		.byte	0xa
 613 04bc 65       		.byte	0x65
 614 04bd 21030000 		.4byte	0x321
 615 04c1 03       		.uleb128 0x3
 616 04c2 DF020000 		.4byte	.LASF80
 617 04c6 0A       		.byte	0xa
 618 04c7 6D       		.byte	0x6d
 619 04c8 E2000000 		.4byte	0xe2
 620 04cc 07       		.uleb128 0x7
 621 04cd 9C030000 		.4byte	.LASF81
 622 04d1 04       		.byte	0x4
 623 04d2 0A       		.byte	0xa
 624 04d3 89       		.byte	0x89
 625 04d4 E4040000 		.4byte	0x4e4
 626 04d8 09       		.uleb128 0x9
 627 04d9 737000   		.ascii	"sp\000"
ARM GAS  /tmp/ccCV8DTt.s 			page 12


 628 04dc 0A       		.byte	0xa
 629 04dd 8A       		.byte	0x8a
 630 04de 30060000 		.4byte	0x630
 631 04e2 00       		.byte	0
 632 04e3 00       		.byte	0
 633 04e4 0D       		.uleb128 0xd
 634 04e5 6C000000 		.4byte	.LASF82
 635 04e9 64       		.byte	0x64
 636 04ea 0B       		.byte	0xb
 637 04eb 5901     		.2byte	0x159
 638 04ed 30060000 		.4byte	0x630
 639 04f1 0A       		.uleb128 0xa
 640 04f2 73313600 		.ascii	"s16\000"
 641 04f6 0B       		.byte	0xb
 642 04f7 5B01     		.2byte	0x15b
 643 04f9 B6040000 		.4byte	0x4b6
 644 04fd 00       		.byte	0
 645 04fe 0A       		.uleb128 0xa
 646 04ff 73313700 		.ascii	"s17\000"
 647 0503 0B       		.byte	0xb
 648 0504 5C01     		.2byte	0x15c
 649 0506 B6040000 		.4byte	0x4b6
 650 050a 04       		.byte	0x4
 651 050b 0A       		.uleb128 0xa
 652 050c 73313800 		.ascii	"s18\000"
 653 0510 0B       		.byte	0xb
 654 0511 5D01     		.2byte	0x15d
 655 0513 B6040000 		.4byte	0x4b6
 656 0517 08       		.byte	0x8
 657 0518 0A       		.uleb128 0xa
 658 0519 73313900 		.ascii	"s19\000"
 659 051d 0B       		.byte	0xb
 660 051e 5E01     		.2byte	0x15e
 661 0520 B6040000 		.4byte	0x4b6
 662 0524 0C       		.byte	0xc
 663 0525 0A       		.uleb128 0xa
 664 0526 73323000 		.ascii	"s20\000"
 665 052a 0B       		.byte	0xb
 666 052b 5F01     		.2byte	0x15f
 667 052d B6040000 		.4byte	0x4b6
 668 0531 10       		.byte	0x10
 669 0532 0A       		.uleb128 0xa
 670 0533 73323100 		.ascii	"s21\000"
 671 0537 0B       		.byte	0xb
 672 0538 6001     		.2byte	0x160
 673 053a B6040000 		.4byte	0x4b6
 674 053e 14       		.byte	0x14
 675 053f 0A       		.uleb128 0xa
 676 0540 73323200 		.ascii	"s22\000"
 677 0544 0B       		.byte	0xb
 678 0545 6101     		.2byte	0x161
 679 0547 B6040000 		.4byte	0x4b6
 680 054b 18       		.byte	0x18
 681 054c 0A       		.uleb128 0xa
 682 054d 73323300 		.ascii	"s23\000"
 683 0551 0B       		.byte	0xb
 684 0552 6201     		.2byte	0x162
ARM GAS  /tmp/ccCV8DTt.s 			page 13


 685 0554 B6040000 		.4byte	0x4b6
 686 0558 1C       		.byte	0x1c
 687 0559 0A       		.uleb128 0xa
 688 055a 73323400 		.ascii	"s24\000"
 689 055e 0B       		.byte	0xb
 690 055f 6301     		.2byte	0x163
 691 0561 B6040000 		.4byte	0x4b6
 692 0565 20       		.byte	0x20
 693 0566 0A       		.uleb128 0xa
 694 0567 73323500 		.ascii	"s25\000"
 695 056b 0B       		.byte	0xb
 696 056c 6401     		.2byte	0x164
 697 056e B6040000 		.4byte	0x4b6
 698 0572 24       		.byte	0x24
 699 0573 0A       		.uleb128 0xa
 700 0574 73323600 		.ascii	"s26\000"
 701 0578 0B       		.byte	0xb
 702 0579 6501     		.2byte	0x165
 703 057b B6040000 		.4byte	0x4b6
 704 057f 28       		.byte	0x28
 705 0580 0A       		.uleb128 0xa
 706 0581 73323700 		.ascii	"s27\000"
 707 0585 0B       		.byte	0xb
 708 0586 6601     		.2byte	0x166
 709 0588 B6040000 		.4byte	0x4b6
 710 058c 2C       		.byte	0x2c
 711 058d 0A       		.uleb128 0xa
 712 058e 73323800 		.ascii	"s28\000"
 713 0592 0B       		.byte	0xb
 714 0593 6701     		.2byte	0x167
 715 0595 B6040000 		.4byte	0x4b6
 716 0599 30       		.byte	0x30
 717 059a 0A       		.uleb128 0xa
 718 059b 73323900 		.ascii	"s29\000"
 719 059f 0B       		.byte	0xb
 720 05a0 6801     		.2byte	0x168
 721 05a2 B6040000 		.4byte	0x4b6
 722 05a6 34       		.byte	0x34
 723 05a7 0A       		.uleb128 0xa
 724 05a8 73333000 		.ascii	"s30\000"
 725 05ac 0B       		.byte	0xb
 726 05ad 6901     		.2byte	0x169
 727 05af B6040000 		.4byte	0x4b6
 728 05b3 38       		.byte	0x38
 729 05b4 0A       		.uleb128 0xa
 730 05b5 73333100 		.ascii	"s31\000"
 731 05b9 0B       		.byte	0xb
 732 05ba 6A01     		.2byte	0x16a
 733 05bc B6040000 		.4byte	0x4b6
 734 05c0 3C       		.byte	0x3c
 735 05c1 0A       		.uleb128 0xa
 736 05c2 723400   		.ascii	"r4\000"
 737 05c5 0B       		.byte	0xb
 738 05c6 6C01     		.2byte	0x16c
 739 05c8 B6040000 		.4byte	0x4b6
 740 05cc 40       		.byte	0x40
 741 05cd 0A       		.uleb128 0xa
ARM GAS  /tmp/ccCV8DTt.s 			page 14


 742 05ce 723500   		.ascii	"r5\000"
 743 05d1 0B       		.byte	0xb
 744 05d2 6D01     		.2byte	0x16d
 745 05d4 B6040000 		.4byte	0x4b6
 746 05d8 44       		.byte	0x44
 747 05d9 0A       		.uleb128 0xa
 748 05da 723600   		.ascii	"r6\000"
 749 05dd 0B       		.byte	0xb
 750 05de 6E01     		.2byte	0x16e
 751 05e0 B6040000 		.4byte	0x4b6
 752 05e4 48       		.byte	0x48
 753 05e5 0A       		.uleb128 0xa
 754 05e6 723700   		.ascii	"r7\000"
 755 05e9 0B       		.byte	0xb
 756 05ea 6F01     		.2byte	0x16f
 757 05ec B6040000 		.4byte	0x4b6
 758 05f0 4C       		.byte	0x4c
 759 05f1 0A       		.uleb128 0xa
 760 05f2 723800   		.ascii	"r8\000"
 761 05f5 0B       		.byte	0xb
 762 05f6 7001     		.2byte	0x170
 763 05f8 B6040000 		.4byte	0x4b6
 764 05fc 50       		.byte	0x50
 765 05fd 0A       		.uleb128 0xa
 766 05fe 723900   		.ascii	"r9\000"
 767 0601 0B       		.byte	0xb
 768 0602 7101     		.2byte	0x171
 769 0604 B6040000 		.4byte	0x4b6
 770 0608 54       		.byte	0x54
 771 0609 0A       		.uleb128 0xa
 772 060a 72313000 		.ascii	"r10\000"
 773 060e 0B       		.byte	0xb
 774 060f 7201     		.2byte	0x172
 775 0611 B6040000 		.4byte	0x4b6
 776 0615 58       		.byte	0x58
 777 0616 0A       		.uleb128 0xa
 778 0617 72313100 		.ascii	"r11\000"
 779 061b 0B       		.byte	0xb
 780 061c 7301     		.2byte	0x173
 781 061e B6040000 		.4byte	0x4b6
 782 0622 5C       		.byte	0x5c
 783 0623 0A       		.uleb128 0xa
 784 0624 6C7200   		.ascii	"lr\000"
 785 0627 0B       		.byte	0xb
 786 0628 7401     		.2byte	0x174
 787 062a B6040000 		.4byte	0x4b6
 788 062e 60       		.byte	0x60
 789 062f 00       		.byte	0
 790 0630 0C       		.uleb128 0xc
 791 0631 04       		.byte	0x4
 792 0632 E4040000 		.4byte	0x4e4
 793 0636 15       		.uleb128 0x15
 794 0637 04       		.byte	0x4
 795 0638 0C       		.byte	0xc
 796 0639 38       		.byte	0x38
 797 063a 4B060000 		.4byte	0x64b
 798 063e 08       		.uleb128 0x8
ARM GAS  /tmp/ccCV8DTt.s 			page 15


 799 063f 45060000 		.4byte	.LASF83
 800 0643 0C       		.byte	0xc
 801 0644 3C       		.byte	0x3c
 802 0645 ED000000 		.4byte	0xed
 803 0649 00       		.byte	0
 804 064a 00       		.byte	0
 805 064b 03       		.uleb128 0x3
 806 064c A9030000 		.4byte	.LASF84
 807 0650 0C       		.byte	0xc
 808 0651 3D       		.byte	0x3d
 809 0652 36060000 		.4byte	0x636
 810 0656 16       		.uleb128 0x16
 811 0657 04       		.byte	0x4
 812 0658 06       		.byte	0x6
 813 0659 C6       		.byte	0xc6
 814 065a B8060000 		.4byte	0x6b8
 815 065e 17       		.uleb128 0x17
 816 065f 4D000000 		.4byte	.LASF85
 817 0663 06       		.byte	0x6
 818 0664 CD       		.byte	0xcd
 819 0665 24010000 		.4byte	0x124
 820 0669 17       		.uleb128 0x17
 821 066a BD000000 		.4byte	.LASF86
 822 066e 06       		.byte	0x6
 823 066f D4       		.byte	0xd4
 824 0670 24010000 		.4byte	0x124
 825 0674 17       		.uleb128 0x17
 826 0675 E1060000 		.4byte	.LASF87
 827 0679 06       		.byte	0x6
 828 067a DB       		.byte	0xdb
 829 067b 21030000 		.4byte	0x321
 830 067f 17       		.uleb128 0x17
 831 0680 1F020000 		.4byte	.LASF88
 832 0684 06       		.byte	0x6
 833 0685 E2       		.byte	0xe2
 834 0686 B8060000 		.4byte	0x6b8
 835 068a 17       		.uleb128 0x17
 836 068b D1000000 		.4byte	.LASF89
 837 068f 06       		.byte	0x6
 838 0690 E7       		.byte	0xe7
 839 0691 24010000 		.4byte	0x124
 840 0695 17       		.uleb128 0x17
 841 0696 18020000 		.4byte	.LASF90
 842 069a 06       		.byte	0x6
 843 069b F0       		.byte	0xf0
 844 069c E3060000 		.4byte	0x6e3
 845 06a0 17       		.uleb128 0x17
 846 06a1 E3040000 		.4byte	.LASF91
 847 06a5 06       		.byte	0x6
 848 06a6 F9       		.byte	0xf9
 849 06a7 1A070000 		.4byte	0x71a
 850 06ab 18       		.uleb128 0x18
 851 06ac 69040000 		.4byte	.LASF92
 852 06b0 06       		.byte	0x6
 853 06b1 0101     		.2byte	0x101
 854 06b3 2F010000 		.4byte	0x12f
 855 06b7 00       		.byte	0
ARM GAS  /tmp/ccCV8DTt.s 			page 16


 856 06b8 0C       		.uleb128 0xc
 857 06b9 04       		.byte	0x4
 858 06ba 39020000 		.4byte	0x239
 859 06be 07       		.uleb128 0x7
 860 06bf 9F040000 		.4byte	.LASF93
 861 06c3 0C       		.byte	0xc
 862 06c4 0D       		.byte	0xd
 863 06c5 34       		.byte	0x34
 864 06c6 E3060000 		.4byte	0x6e3
 865 06ca 08       		.uleb128 0x8
 866 06cb 41020000 		.4byte	.LASF31
 867 06cf 0D       		.byte	0xd
 868 06d0 35       		.byte	0x35
 869 06d1 6E020000 		.4byte	0x26e
 870 06d5 00       		.byte	0
 871 06d6 09       		.uleb128 0x9
 872 06d7 636E7400 		.ascii	"cnt\000"
 873 06db 0D       		.byte	0xd
 874 06dc 37       		.byte	0x37
 875 06dd 3A010000 		.4byte	0x13a
 876 06e1 08       		.byte	0x8
 877 06e2 00       		.byte	0
 878 06e3 0C       		.uleb128 0xc
 879 06e4 04       		.byte	0x4
 880 06e5 BE060000 		.4byte	0x6be
 881 06e9 07       		.uleb128 0x7
 882 06ea 4C060000 		.4byte	.LASF94
 883 06ee 10       		.byte	0x10
 884 06ef 0E       		.byte	0xe
 885 06f0 39       		.byte	0x39
 886 06f1 1A070000 		.4byte	0x71a
 887 06f5 08       		.uleb128 0x8
 888 06f6 41020000 		.4byte	.LASF31
 889 06fa 0E       		.byte	0xe
 890 06fb 3A       		.byte	0x3a
 891 06fc 6E020000 		.4byte	0x26e
 892 0700 00       		.byte	0
 893 0701 08       		.uleb128 0x8
 894 0702 FA040000 		.4byte	.LASF95
 895 0706 0E       		.byte	0xe
 896 0707 3C       		.byte	0x3c
 897 0708 44020000 		.4byte	0x244
 898 070c 08       		.byte	0x8
 899 070d 08       		.uleb128 0x8
 900 070e 0A010000 		.4byte	.LASF50
 901 0712 0E       		.byte	0xe
 902 0713 3E       		.byte	0x3e
 903 0714 7C080000 		.4byte	0x87c
 904 0718 0C       		.byte	0xc
 905 0719 00       		.byte	0
 906 071a 0C       		.uleb128 0xc
 907 071b 04       		.byte	0x4
 908 071c E9060000 		.4byte	0x6e9
 909 0720 0C       		.uleb128 0xc
 910 0721 04       		.byte	0x4
 911 0722 32070000 		.4byte	0x732
 912 0726 06       		.uleb128 0x6
ARM GAS  /tmp/ccCV8DTt.s 			page 17


 913 0727 20070000 		.4byte	0x720
 914 072b 04       		.uleb128 0x4
 915 072c 01       		.byte	0x1
 916 072d 08       		.byte	0x8
 917 072e F5050000 		.4byte	.LASF96
 918 0732 05       		.uleb128 0x5
 919 0733 2B070000 		.4byte	0x72b
 920 0737 0C       		.uleb128 0xc
 921 0738 04       		.byte	0x4
 922 0739 C1040000 		.4byte	0x4c1
 923 073d 0C       		.uleb128 0xc
 924 073e 04       		.byte	0x4
 925 073f 23030000 		.4byte	0x323
 926 0743 19       		.uleb128 0x19
 927 0744 636800   		.ascii	"ch\000"
 928 0747 06       		.byte	0x6
 929 0748 C701     		.2byte	0x1c7
 930 074a F0030000 		.4byte	0x3f0
 931 074e 13       		.uleb128 0x13
 932 074f C1040000 		.4byte	0x4c1
 933 0753 59070000 		.4byte	0x759
 934 0757 1A       		.uleb128 0x1a
 935 0758 00       		.byte	0
 936 0759 11       		.uleb128 0x11
 937 075a B5040000 		.4byte	.LASF97
 938 075e 0F       		.byte	0xf
 939 075f 1701     		.2byte	0x117
 940 0761 4E070000 		.4byte	0x74e
 941 0765 15       		.uleb128 0x15
 942 0766 16       		.byte	0x16
 943 0767 10       		.byte	0x10
 944 0768 34       		.byte	0x34
 945 0769 46080000 		.4byte	0x846
 946 076d 08       		.uleb128 0x8
 947 076e 72060000 		.4byte	.LASF98
 948 0772 10       		.byte	0x10
 949 0773 35       		.byte	0x35
 950 0774 46080000 		.4byte	0x846
 951 0778 00       		.byte	0
 952 0779 08       		.uleb128 0x8
 953 077a CB010000 		.4byte	.LASF99
 954 077e 10       		.byte	0x10
 955 077f 36       		.byte	0x36
 956 0780 AC000000 		.4byte	0xac
 957 0784 04       		.byte	0x4
 958 0785 08       		.uleb128 0x8
 959 0786 3A010000 		.4byte	.LASF100
 960 078a 10       		.byte	0x10
 961 078b 37       		.byte	0x37
 962 078c AC000000 		.4byte	0xac
 963 0790 05       		.byte	0x5
 964 0791 08       		.uleb128 0x8
 965 0792 F9020000 		.4byte	.LASF101
 966 0796 10       		.byte	0x10
 967 0797 38       		.byte	0x38
 968 0798 BC000000 		.4byte	0xbc
 969 079c 06       		.byte	0x6
ARM GAS  /tmp/ccCV8DTt.s 			page 18


 970 079d 08       		.uleb128 0x8
 971 079e 89060000 		.4byte	.LASF102
 972 07a2 10       		.byte	0x10
 973 07a3 39       		.byte	0x39
 974 07a4 AC000000 		.4byte	0xac
 975 07a8 08       		.byte	0x8
 976 07a9 08       		.uleb128 0x8
 977 07aa C7040000 		.4byte	.LASF103
 978 07ae 10       		.byte	0x10
 979 07af 3A       		.byte	0x3a
 980 07b0 AC000000 		.4byte	0xac
 981 07b4 09       		.byte	0x9
 982 07b5 08       		.uleb128 0x8
 983 07b6 19040000 		.4byte	.LASF104
 984 07ba 10       		.byte	0x10
 985 07bb 3B       		.byte	0x3b
 986 07bc AC000000 		.4byte	0xac
 987 07c0 0A       		.byte	0xa
 988 07c1 08       		.uleb128 0x8
 989 07c2 40040000 		.4byte	.LASF105
 990 07c6 10       		.byte	0x10
 991 07c7 3C       		.byte	0x3c
 992 07c8 AC000000 		.4byte	0xac
 993 07cc 0B       		.byte	0xb
 994 07cd 08       		.uleb128 0x8
 995 07ce 96020000 		.4byte	.LASF106
 996 07d2 10       		.byte	0x10
 997 07d3 3D       		.byte	0x3d
 998 07d4 AC000000 		.4byte	0xac
 999 07d8 0C       		.byte	0xc
 1000 07d9 08       		.uleb128 0x8
 1001 07da 4B030000 		.4byte	.LASF107
 1002 07de 10       		.byte	0x10
 1003 07df 3E       		.byte	0x3e
 1004 07e0 AC000000 		.4byte	0xac
 1005 07e4 0D       		.byte	0xd
 1006 07e5 08       		.uleb128 0x8
 1007 07e6 55060000 		.4byte	.LASF108
 1008 07ea 10       		.byte	0x10
 1009 07eb 3F       		.byte	0x3f
 1010 07ec AC000000 		.4byte	0xac
 1011 07f0 0E       		.byte	0xe
 1012 07f1 08       		.uleb128 0x8
 1013 07f2 C0060000 		.4byte	.LASF109
 1014 07f6 10       		.byte	0x10
 1015 07f7 40       		.byte	0x40
 1016 07f8 AC000000 		.4byte	0xac
 1017 07fc 0F       		.byte	0xf
 1018 07fd 08       		.uleb128 0x8
 1019 07fe 49040000 		.4byte	.LASF110
 1020 0802 10       		.byte	0x10
 1021 0803 41       		.byte	0x41
 1022 0804 AC000000 		.4byte	0xac
 1023 0808 10       		.byte	0x10
 1024 0809 08       		.uleb128 0x8
 1025 080a F7060000 		.4byte	.LASF111
 1026 080e 10       		.byte	0x10
ARM GAS  /tmp/ccCV8DTt.s 			page 19


 1027 080f 42       		.byte	0x42
 1028 0810 AC000000 		.4byte	0xac
 1029 0814 11       		.byte	0x11
 1030 0815 08       		.uleb128 0x8
 1031 0816 13070000 		.4byte	.LASF112
 1032 081a 10       		.byte	0x10
 1033 081b 43       		.byte	0x43
 1034 081c AC000000 		.4byte	0xac
 1035 0820 12       		.byte	0x12
 1036 0821 08       		.uleb128 0x8
 1037 0822 4D020000 		.4byte	.LASF113
 1038 0826 10       		.byte	0x10
 1039 0827 44       		.byte	0x44
 1040 0828 AC000000 		.4byte	0xac
 1041 082c 13       		.byte	0x13
 1042 082d 08       		.uleb128 0x8
 1043 082e 7C010000 		.4byte	.LASF114
 1044 0832 10       		.byte	0x10
 1045 0833 45       		.byte	0x45
 1046 0834 AC000000 		.4byte	0xac
 1047 0838 14       		.byte	0x14
 1048 0839 08       		.uleb128 0x8
 1049 083a AC040000 		.4byte	.LASF115
 1050 083e 10       		.byte	0x10
 1051 083f 46       		.byte	0x46
 1052 0840 AC000000 		.4byte	0xac
 1053 0844 15       		.byte	0x15
 1054 0845 00       		.byte	0
 1055 0846 13       		.uleb128 0x13
 1056 0847 2B070000 		.4byte	0x72b
 1057 084b 56080000 		.4byte	0x856
 1058 084f 14       		.uleb128 0x14
 1059 0850 2F000000 		.4byte	0x2f
 1060 0854 03       		.byte	0x3
 1061 0855 00       		.byte	0
 1062 0856 03       		.uleb128 0x3
 1063 0857 72010000 		.4byte	.LASF116
 1064 085b 10       		.byte	0x10
 1065 085c 47       		.byte	0x47
 1066 085d 65070000 		.4byte	0x765
 1067 0861 05       		.uleb128 0x5
 1068 0862 56080000 		.4byte	0x856
 1069 0866 12       		.uleb128 0x12
 1070 0867 25020000 		.4byte	.LASF117
 1071 086b 10       		.byte	0x10
 1072 086c 6C       		.byte	0x6c
 1073 086d 61080000 		.4byte	0x861
 1074 0871 03       		.uleb128 0x3
 1075 0872 D0010000 		.4byte	.LASF118
 1076 0876 0E       		.byte	0xe
 1077 0877 34       		.byte	0x34
 1078 0878 E9060000 		.4byte	0x6e9
 1079 087c 0C       		.uleb128 0xc
 1080 087d 04       		.byte	0x4
 1081 087e 71080000 		.4byte	0x871
 1082 0882 04       		.uleb128 0x4
 1083 0883 01       		.byte	0x1
ARM GAS  /tmp/ccCV8DTt.s 			page 20


 1084 0884 02       		.byte	0x2
 1085 0885 24040000 		.4byte	.LASF119
 1086 0889 03       		.uleb128 0x3
 1087 088a 99000000 		.4byte	.LASF120
 1088 088e 11       		.byte	0x11
 1089 088f 47       		.byte	0x47
 1090 0890 94080000 		.4byte	0x894
 1091 0894 0C       		.uleb128 0xc
 1092 0895 04       		.byte	0x4
 1093 0896 9A080000 		.4byte	0x89a
 1094 089a 1B       		.uleb128 0x1b
 1095 089b 21030000 		.4byte	0x321
 1096 089f AE080000 		.4byte	0x8ae
 1097 08a3 0F       		.uleb128 0xf
 1098 08a4 24000000 		.4byte	0x24
 1099 08a8 0F       		.uleb128 0xf
 1100 08a9 2F000000 		.4byte	0x2f
 1101 08ad 00       		.byte	0
 1102 08ae 15       		.uleb128 0x15
 1103 08af 08       		.byte	0x8
 1104 08b0 11       		.byte	0x11
 1105 08b1 51       		.byte	0x51
 1106 08b2 CF080000 		.4byte	0x8cf
 1107 08b6 08       		.uleb128 0x8
 1108 08b7 25070000 		.4byte	.LASF121
 1109 08bb 11       		.byte	0x11
 1110 08bc 55       		.byte	0x55
 1111 08bd CF080000 		.4byte	0x8cf
 1112 08c1 00       		.byte	0
 1113 08c2 08       		.uleb128 0x8
 1114 08c3 CE020000 		.4byte	.LASF122
 1115 08c7 11       		.byte	0x11
 1116 08c8 59       		.byte	0x59
 1117 08c9 CF080000 		.4byte	0x8cf
 1118 08cd 04       		.byte	0x4
 1119 08ce 00       		.byte	0
 1120 08cf 0C       		.uleb128 0xc
 1121 08d0 04       		.byte	0x4
 1122 08d1 AC000000 		.4byte	0xac
 1123 08d5 03       		.uleb128 0x3
 1124 08d6 DB030000 		.4byte	.LASF123
 1125 08da 11       		.byte	0x11
 1126 08db 5A       		.byte	0x5a
 1127 08dc AE080000 		.4byte	0x8ae
 1128 08e0 12       		.uleb128 0x12
 1129 08e1 1D060000 		.4byte	.LASF124
 1130 08e5 11       		.byte	0x11
 1131 08e6 65       		.byte	0x65
 1132 08e7 D5080000 		.4byte	0x8d5
 1133 08eb 07       		.uleb128 0x7
 1134 08ec B4060000 		.4byte	.LASF125
 1135 08f0 04       		.byte	0x4
 1136 08f1 12       		.byte	0x12
 1137 08f2 38       		.byte	0x38
 1138 08f3 04090000 		.4byte	0x904
 1139 08f7 08       		.uleb128 0x8
 1140 08f8 0A010000 		.4byte	.LASF50
ARM GAS  /tmp/ccCV8DTt.s 			page 21


 1141 08fc 12       		.byte	0x12
 1142 08fd 39       		.byte	0x39
 1143 08fe 04090000 		.4byte	0x904
 1144 0902 00       		.byte	0
 1145 0903 00       		.byte	0
 1146 0904 0C       		.uleb128 0xc
 1147 0905 04       		.byte	0x4
 1148 0906 EB080000 		.4byte	0x8eb
 1149 090a 15       		.uleb128 0x15
 1150 090b 10       		.byte	0x10
 1151 090c 12       		.byte	0x12
 1152 090d 40       		.byte	0x40
 1153 090e 43090000 		.4byte	0x943
 1154 0912 08       		.uleb128 0x8
 1155 0913 0A010000 		.4byte	.LASF50
 1156 0917 12       		.byte	0x12
 1157 0918 41       		.byte	0x41
 1158 0919 04090000 		.4byte	0x904
 1159 091d 00       		.byte	0
 1160 091e 08       		.uleb128 0x8
 1161 091f 7D060000 		.4byte	.LASF126
 1162 0923 12       		.byte	0x12
 1163 0924 42       		.byte	0x42
 1164 0925 24000000 		.4byte	0x24
 1165 0929 04       		.byte	0x4
 1166 092a 08       		.uleb128 0x8
 1167 092b D8010000 		.4byte	.LASF127
 1168 092f 12       		.byte	0x12
 1169 0930 44       		.byte	0x44
 1170 0931 2F000000 		.4byte	0x2f
 1171 0935 08       		.byte	0x8
 1172 0936 08       		.uleb128 0x8
 1173 0937 87000000 		.4byte	.LASF128
 1174 093b 12       		.byte	0x12
 1175 093c 45       		.byte	0x45
 1176 093d 89080000 		.4byte	0x889
 1177 0941 0C       		.byte	0xc
 1178 0942 00       		.byte	0
 1179 0943 03       		.uleb128 0x3
 1180 0944 2E020000 		.4byte	.LASF129
 1181 0948 12       		.byte	0x12
 1182 0949 47       		.byte	0x47
 1183 094a 0A090000 		.4byte	0x90a
 1184 094e 07       		.uleb128 0x7
 1185 094f 02040000 		.4byte	.LASF130
 1186 0953 10       		.byte	0x10
 1187 0954 13       		.byte	0x13
 1188 0955 A9       		.byte	0xa9
 1189 0956 7F090000 		.4byte	0x97f
 1190 095a 08       		.uleb128 0x8
 1191 095b 0A010000 		.4byte	.LASF50
 1192 095f 13       		.byte	0x13
 1193 0960 AD       		.byte	0xad
 1194 0961 7F090000 		.4byte	0x97f
 1195 0965 00       		.byte	0
 1196 0966 08       		.uleb128 0x8
 1197 0967 ED030000 		.4byte	.LASF39
ARM GAS  /tmp/ccCV8DTt.s 			page 22


 1198 096b 13       		.byte	0x13
 1199 096c B1       		.byte	0xb1
 1200 096d 45010000 		.4byte	0x145
 1201 0971 04       		.byte	0x4
 1202 0972 08       		.uleb128 0x8
 1203 0973 3C020000 		.4byte	.LASF35
 1204 0977 13       		.byte	0x13
 1205 0978 B3       		.byte	0xb3
 1206 0979 85090000 		.4byte	0x985
 1207 097d 08       		.byte	0x8
 1208 097e 00       		.byte	0
 1209 097f 0C       		.uleb128 0xc
 1210 0980 04       		.byte	0x4
 1211 0981 4E090000 		.4byte	0x94e
 1212 0985 13       		.uleb128 0x13
 1213 0986 2B070000 		.4byte	0x72b
 1214 098a 95090000 		.4byte	0x995
 1215 098e 14       		.uleb128 0x14
 1216 098f 2F000000 		.4byte	0x2f
 1217 0993 07       		.byte	0x7
 1218 0994 00       		.byte	0
 1219 0995 03       		.uleb128 0x3
 1220 0996 FC000000 		.4byte	.LASF131
 1221 099a 13       		.byte	0x13
 1222 099b B7       		.byte	0xb7
 1223 099c 4E090000 		.4byte	0x94e
 1224 09a0 07       		.uleb128 0x7
 1225 09a1 3F030000 		.4byte	.LASF132
 1226 09a5 04       		.byte	0x4
 1227 09a6 13       		.byte	0x13
 1228 09a7 BC       		.byte	0xbc
 1229 09a8 B9090000 		.4byte	0x9b9
 1230 09ac 08       		.uleb128 0x8
 1231 09ad 0A010000 		.4byte	.LASF50
 1232 09b1 13       		.byte	0x13
 1233 09b2 BD       		.byte	0xbd
 1234 09b3 B9090000 		.4byte	0x9b9
 1235 09b7 00       		.byte	0
 1236 09b8 00       		.byte	0
 1237 09b9 0C       		.uleb128 0xc
 1238 09ba 04       		.byte	0x4
 1239 09bb 95090000 		.4byte	0x995
 1240 09bf 03       		.uleb128 0x3
 1241 09c0 7F020000 		.4byte	.LASF133
 1242 09c4 13       		.byte	0x13
 1243 09c5 BE       		.byte	0xbe
 1244 09c6 A0090000 		.4byte	0x9a0
 1245 09ca 0D       		.uleb128 0xd
 1246 09cb 91060000 		.4byte	.LASF134
 1247 09cf 48       		.byte	0x48
 1248 09d0 13       		.byte	0x13
 1249 09d1 3E01     		.2byte	0x13e
 1250 09d3 4D0A0000 		.4byte	0xa4d
 1251 09d7 0A       		.uleb128 0xa
 1252 09d8 6D747800 		.ascii	"mtx\000"
 1253 09dc 13       		.byte	0x13
 1254 09dd 4301     		.2byte	0x143
ARM GAS  /tmp/ccCV8DTt.s 			page 23


 1255 09df 71080000 		.4byte	0x871
 1256 09e3 00       		.byte	0
 1257 09e4 0B       		.uleb128 0xb
 1258 09e5 00060000 		.4byte	.LASF135
 1259 09e9 13       		.byte	0x13
 1260 09ea 4A01     		.2byte	0x14a
 1261 09ec BF090000 		.4byte	0x9bf
 1262 09f0 10       		.byte	0x10
 1263 09f1 0B       		.uleb128 0xb
 1264 09f2 85040000 		.4byte	.LASF136
 1265 09f6 13       		.byte	0x13
 1266 09f7 4E01     		.2byte	0x14e
 1267 09f9 43090000 		.4byte	0x943
 1268 09fd 14       		.byte	0x14
 1269 09fe 0B       		.uleb128 0xb
 1270 09ff 56020000 		.4byte	.LASF137
 1271 0a03 13       		.byte	0x13
 1272 0a04 5301     		.2byte	0x153
 1273 0a06 BF090000 		.4byte	0x9bf
 1274 0a0a 24       		.byte	0x24
 1275 0a0b 0B       		.uleb128 0xb
 1276 0a0c 90000000 		.4byte	.LASF138
 1277 0a10 13       		.byte	0x13
 1278 0a11 5901     		.2byte	0x159
 1279 0a13 BF090000 		.4byte	0x9bf
 1280 0a17 28       		.byte	0x28
 1281 0a18 0B       		.uleb128 0xb
 1282 0a19 BF030000 		.4byte	.LASF139
 1283 0a1d 13       		.byte	0x13
 1284 0a1e 5D01     		.2byte	0x15d
 1285 0a20 43090000 		.4byte	0x943
 1286 0a24 2C       		.byte	0x2c
 1287 0a25 0B       		.uleb128 0xb
 1288 0a26 9C010000 		.4byte	.LASF140
 1289 0a2a 13       		.byte	0x13
 1290 0a2b 6301     		.2byte	0x163
 1291 0a2d BF090000 		.4byte	0x9bf
 1292 0a31 3C       		.byte	0x3c
 1293 0a32 0B       		.uleb128 0xb
 1294 0a33 D7060000 		.4byte	.LASF141
 1295 0a37 13       		.byte	0x13
 1296 0a38 6901     		.2byte	0x169
 1297 0a3a BF090000 		.4byte	0x9bf
 1298 0a3e 40       		.byte	0x40
 1299 0a3f 0B       		.uleb128 0xb
 1300 0a40 D0040000 		.4byte	.LASF142
 1301 0a44 13       		.byte	0x13
 1302 0a45 6F01     		.2byte	0x16f
 1303 0a47 BF090000 		.4byte	0x9bf
 1304 0a4b 44       		.byte	0x44
 1305 0a4c 00       		.byte	0
 1306 0a4d 1C       		.uleb128 0x1c
 1307 0a4e 01070000 		.4byte	.LASF143
 1308 0a52 13       		.byte	0x13
 1309 0a53 7101     		.2byte	0x171
 1310 0a55 CA090000 		.4byte	0x9ca
 1311 0a59 11       		.uleb128 0x11
ARM GAS  /tmp/ccCV8DTt.s 			page 24


 1312 0a5a 7A040000 		.4byte	.LASF144
 1313 0a5e 13       		.byte	0x13
 1314 0a5f 7C01     		.2byte	0x17c
 1315 0a61 4D0A0000 		.4byte	0xa4d
 1316 0a65 00       		.byte	0
 1317              		.section	.debug_abbrev,"",%progbits
 1318              	.Ldebug_abbrev0:
 1319 0000 01       		.uleb128 0x1
 1320 0001 11       		.uleb128 0x11
 1321 0002 01       		.byte	0x1
 1322 0003 25       		.uleb128 0x25
 1323 0004 0E       		.uleb128 0xe
 1324 0005 13       		.uleb128 0x13
 1325 0006 0B       		.uleb128 0xb
 1326 0007 03       		.uleb128 0x3
 1327 0008 0E       		.uleb128 0xe
 1328 0009 1B       		.uleb128 0x1b
 1329 000a 0E       		.uleb128 0xe
 1330 000b 10       		.uleb128 0x10
 1331 000c 17       		.uleb128 0x17
 1332 000d 00       		.byte	0
 1333 000e 00       		.byte	0
 1334 000f 02       		.uleb128 0x2
 1335 0010 24       		.uleb128 0x24
 1336 0011 00       		.byte	0
 1337 0012 0B       		.uleb128 0xb
 1338 0013 0B       		.uleb128 0xb
 1339 0014 3E       		.uleb128 0x3e
 1340 0015 0B       		.uleb128 0xb
 1341 0016 03       		.uleb128 0x3
 1342 0017 08       		.uleb128 0x8
 1343 0018 00       		.byte	0
 1344 0019 00       		.byte	0
 1345 001a 03       		.uleb128 0x3
 1346 001b 16       		.uleb128 0x16
 1347 001c 00       		.byte	0
 1348 001d 03       		.uleb128 0x3
 1349 001e 0E       		.uleb128 0xe
 1350 001f 3A       		.uleb128 0x3a
 1351 0020 0B       		.uleb128 0xb
 1352 0021 3B       		.uleb128 0x3b
 1353 0022 0B       		.uleb128 0xb
 1354 0023 49       		.uleb128 0x49
 1355 0024 13       		.uleb128 0x13
 1356 0025 00       		.byte	0
 1357 0026 00       		.byte	0
 1358 0027 04       		.uleb128 0x4
 1359 0028 24       		.uleb128 0x24
 1360 0029 00       		.byte	0
 1361 002a 0B       		.uleb128 0xb
 1362 002b 0B       		.uleb128 0xb
 1363 002c 3E       		.uleb128 0x3e
 1364 002d 0B       		.uleb128 0xb
 1365 002e 03       		.uleb128 0x3
 1366 002f 0E       		.uleb128 0xe
 1367 0030 00       		.byte	0
 1368 0031 00       		.byte	0
ARM GAS  /tmp/ccCV8DTt.s 			page 25


 1369 0032 05       		.uleb128 0x5
 1370 0033 26       		.uleb128 0x26
 1371 0034 00       		.byte	0
 1372 0035 49       		.uleb128 0x49
 1373 0036 13       		.uleb128 0x13
 1374 0037 00       		.byte	0
 1375 0038 00       		.byte	0
 1376 0039 06       		.uleb128 0x6
 1377 003a 35       		.uleb128 0x35
 1378 003b 00       		.byte	0
 1379 003c 49       		.uleb128 0x49
 1380 003d 13       		.uleb128 0x13
 1381 003e 00       		.byte	0
 1382 003f 00       		.byte	0
 1383 0040 07       		.uleb128 0x7
 1384 0041 13       		.uleb128 0x13
 1385 0042 01       		.byte	0x1
 1386 0043 03       		.uleb128 0x3
 1387 0044 0E       		.uleb128 0xe
 1388 0045 0B       		.uleb128 0xb
 1389 0046 0B       		.uleb128 0xb
 1390 0047 3A       		.uleb128 0x3a
 1391 0048 0B       		.uleb128 0xb
 1392 0049 3B       		.uleb128 0x3b
 1393 004a 0B       		.uleb128 0xb
 1394 004b 01       		.uleb128 0x1
 1395 004c 13       		.uleb128 0x13
 1396 004d 00       		.byte	0
 1397 004e 00       		.byte	0
 1398 004f 08       		.uleb128 0x8
 1399 0050 0D       		.uleb128 0xd
 1400 0051 00       		.byte	0
 1401 0052 03       		.uleb128 0x3
 1402 0053 0E       		.uleb128 0xe
 1403 0054 3A       		.uleb128 0x3a
 1404 0055 0B       		.uleb128 0xb
 1405 0056 3B       		.uleb128 0x3b
 1406 0057 0B       		.uleb128 0xb
 1407 0058 49       		.uleb128 0x49
 1408 0059 13       		.uleb128 0x13
 1409 005a 38       		.uleb128 0x38
 1410 005b 0B       		.uleb128 0xb
 1411 005c 00       		.byte	0
 1412 005d 00       		.byte	0
 1413 005e 09       		.uleb128 0x9
 1414 005f 0D       		.uleb128 0xd
 1415 0060 00       		.byte	0
 1416 0061 03       		.uleb128 0x3
 1417 0062 08       		.uleb128 0x8
 1418 0063 3A       		.uleb128 0x3a
 1419 0064 0B       		.uleb128 0xb
 1420 0065 3B       		.uleb128 0x3b
 1421 0066 0B       		.uleb128 0xb
 1422 0067 49       		.uleb128 0x49
 1423 0068 13       		.uleb128 0x13
 1424 0069 38       		.uleb128 0x38
 1425 006a 0B       		.uleb128 0xb
ARM GAS  /tmp/ccCV8DTt.s 			page 26


 1426 006b 00       		.byte	0
 1427 006c 00       		.byte	0
 1428 006d 0A       		.uleb128 0xa
 1429 006e 0D       		.uleb128 0xd
 1430 006f 00       		.byte	0
 1431 0070 03       		.uleb128 0x3
 1432 0071 08       		.uleb128 0x8
 1433 0072 3A       		.uleb128 0x3a
 1434 0073 0B       		.uleb128 0xb
 1435 0074 3B       		.uleb128 0x3b
 1436 0075 05       		.uleb128 0x5
 1437 0076 49       		.uleb128 0x49
 1438 0077 13       		.uleb128 0x13
 1439 0078 38       		.uleb128 0x38
 1440 0079 0B       		.uleb128 0xb
 1441 007a 00       		.byte	0
 1442 007b 00       		.byte	0
 1443 007c 0B       		.uleb128 0xb
 1444 007d 0D       		.uleb128 0xd
 1445 007e 00       		.byte	0
 1446 007f 03       		.uleb128 0x3
 1447 0080 0E       		.uleb128 0xe
 1448 0081 3A       		.uleb128 0x3a
 1449 0082 0B       		.uleb128 0xb
 1450 0083 3B       		.uleb128 0x3b
 1451 0084 05       		.uleb128 0x5
 1452 0085 49       		.uleb128 0x49
 1453 0086 13       		.uleb128 0x13
 1454 0087 38       		.uleb128 0x38
 1455 0088 0B       		.uleb128 0xb
 1456 0089 00       		.byte	0
 1457 008a 00       		.byte	0
 1458 008b 0C       		.uleb128 0xc
 1459 008c 0F       		.uleb128 0xf
 1460 008d 00       		.byte	0
 1461 008e 0B       		.uleb128 0xb
 1462 008f 0B       		.uleb128 0xb
 1463 0090 49       		.uleb128 0x49
 1464 0091 13       		.uleb128 0x13
 1465 0092 00       		.byte	0
 1466 0093 00       		.byte	0
 1467 0094 0D       		.uleb128 0xd
 1468 0095 13       		.uleb128 0x13
 1469 0096 01       		.byte	0x1
 1470 0097 03       		.uleb128 0x3
 1471 0098 0E       		.uleb128 0xe
 1472 0099 0B       		.uleb128 0xb
 1473 009a 0B       		.uleb128 0xb
 1474 009b 3A       		.uleb128 0x3a
 1475 009c 0B       		.uleb128 0xb
 1476 009d 3B       		.uleb128 0x3b
 1477 009e 05       		.uleb128 0x5
 1478 009f 01       		.uleb128 0x1
 1479 00a0 13       		.uleb128 0x13
 1480 00a1 00       		.byte	0
 1481 00a2 00       		.byte	0
 1482 00a3 0E       		.uleb128 0xe
ARM GAS  /tmp/ccCV8DTt.s 			page 27


 1483 00a4 15       		.uleb128 0x15
 1484 00a5 01       		.byte	0x1
 1485 00a6 27       		.uleb128 0x27
 1486 00a7 19       		.uleb128 0x19
 1487 00a8 01       		.uleb128 0x1
 1488 00a9 13       		.uleb128 0x13
 1489 00aa 00       		.byte	0
 1490 00ab 00       		.byte	0
 1491 00ac 0F       		.uleb128 0xf
 1492 00ad 05       		.uleb128 0x5
 1493 00ae 00       		.byte	0
 1494 00af 49       		.uleb128 0x49
 1495 00b0 13       		.uleb128 0x13
 1496 00b1 00       		.byte	0
 1497 00b2 00       		.byte	0
 1498 00b3 10       		.uleb128 0x10
 1499 00b4 0F       		.uleb128 0xf
 1500 00b5 00       		.byte	0
 1501 00b6 0B       		.uleb128 0xb
 1502 00b7 0B       		.uleb128 0xb
 1503 00b8 00       		.byte	0
 1504 00b9 00       		.byte	0
 1505 00ba 11       		.uleb128 0x11
 1506 00bb 34       		.uleb128 0x34
 1507 00bc 00       		.byte	0
 1508 00bd 03       		.uleb128 0x3
 1509 00be 0E       		.uleb128 0xe
 1510 00bf 3A       		.uleb128 0x3a
 1511 00c0 0B       		.uleb128 0xb
 1512 00c1 3B       		.uleb128 0x3b
 1513 00c2 05       		.uleb128 0x5
 1514 00c3 49       		.uleb128 0x49
 1515 00c4 13       		.uleb128 0x13
 1516 00c5 3F       		.uleb128 0x3f
 1517 00c6 19       		.uleb128 0x19
 1518 00c7 3C       		.uleb128 0x3c
 1519 00c8 19       		.uleb128 0x19
 1520 00c9 00       		.byte	0
 1521 00ca 00       		.byte	0
 1522 00cb 12       		.uleb128 0x12
 1523 00cc 34       		.uleb128 0x34
 1524 00cd 00       		.byte	0
 1525 00ce 03       		.uleb128 0x3
 1526 00cf 0E       		.uleb128 0xe
 1527 00d0 3A       		.uleb128 0x3a
 1528 00d1 0B       		.uleb128 0xb
 1529 00d2 3B       		.uleb128 0x3b
 1530 00d3 0B       		.uleb128 0xb
 1531 00d4 49       		.uleb128 0x49
 1532 00d5 13       		.uleb128 0x13
 1533 00d6 3F       		.uleb128 0x3f
 1534 00d7 19       		.uleb128 0x19
 1535 00d8 3C       		.uleb128 0x3c
 1536 00d9 19       		.uleb128 0x19
 1537 00da 00       		.byte	0
 1538 00db 00       		.byte	0
 1539 00dc 13       		.uleb128 0x13
ARM GAS  /tmp/ccCV8DTt.s 			page 28


 1540 00dd 01       		.uleb128 0x1
 1541 00de 01       		.byte	0x1
 1542 00df 49       		.uleb128 0x49
 1543 00e0 13       		.uleb128 0x13
 1544 00e1 01       		.uleb128 0x1
 1545 00e2 13       		.uleb128 0x13
 1546 00e3 00       		.byte	0
 1547 00e4 00       		.byte	0
 1548 00e5 14       		.uleb128 0x14
 1549 00e6 21       		.uleb128 0x21
 1550 00e7 00       		.byte	0
 1551 00e8 49       		.uleb128 0x49
 1552 00e9 13       		.uleb128 0x13
 1553 00ea 2F       		.uleb128 0x2f
 1554 00eb 0B       		.uleb128 0xb
 1555 00ec 00       		.byte	0
 1556 00ed 00       		.byte	0
 1557 00ee 15       		.uleb128 0x15
 1558 00ef 13       		.uleb128 0x13
 1559 00f0 01       		.byte	0x1
 1560 00f1 0B       		.uleb128 0xb
 1561 00f2 0B       		.uleb128 0xb
 1562 00f3 3A       		.uleb128 0x3a
 1563 00f4 0B       		.uleb128 0xb
 1564 00f5 3B       		.uleb128 0x3b
 1565 00f6 0B       		.uleb128 0xb
 1566 00f7 01       		.uleb128 0x1
 1567 00f8 13       		.uleb128 0x13
 1568 00f9 00       		.byte	0
 1569 00fa 00       		.byte	0
 1570 00fb 16       		.uleb128 0x16
 1571 00fc 17       		.uleb128 0x17
 1572 00fd 01       		.byte	0x1
 1573 00fe 0B       		.uleb128 0xb
 1574 00ff 0B       		.uleb128 0xb
 1575 0100 3A       		.uleb128 0x3a
 1576 0101 0B       		.uleb128 0xb
 1577 0102 3B       		.uleb128 0x3b
 1578 0103 0B       		.uleb128 0xb
 1579 0104 01       		.uleb128 0x1
 1580 0105 13       		.uleb128 0x13
 1581 0106 00       		.byte	0
 1582 0107 00       		.byte	0
 1583 0108 17       		.uleb128 0x17
 1584 0109 0D       		.uleb128 0xd
 1585 010a 00       		.byte	0
 1586 010b 03       		.uleb128 0x3
 1587 010c 0E       		.uleb128 0xe
 1588 010d 3A       		.uleb128 0x3a
 1589 010e 0B       		.uleb128 0xb
 1590 010f 3B       		.uleb128 0x3b
 1591 0110 0B       		.uleb128 0xb
 1592 0111 49       		.uleb128 0x49
 1593 0112 13       		.uleb128 0x13
 1594 0113 00       		.byte	0
 1595 0114 00       		.byte	0
 1596 0115 18       		.uleb128 0x18
ARM GAS  /tmp/ccCV8DTt.s 			page 29


 1597 0116 0D       		.uleb128 0xd
 1598 0117 00       		.byte	0
 1599 0118 03       		.uleb128 0x3
 1600 0119 0E       		.uleb128 0xe
 1601 011a 3A       		.uleb128 0x3a
 1602 011b 0B       		.uleb128 0xb
 1603 011c 3B       		.uleb128 0x3b
 1604 011d 05       		.uleb128 0x5
 1605 011e 49       		.uleb128 0x49
 1606 011f 13       		.uleb128 0x13
 1607 0120 00       		.byte	0
 1608 0121 00       		.byte	0
 1609 0122 19       		.uleb128 0x19
 1610 0123 34       		.uleb128 0x34
 1611 0124 00       		.byte	0
 1612 0125 03       		.uleb128 0x3
 1613 0126 08       		.uleb128 0x8
 1614 0127 3A       		.uleb128 0x3a
 1615 0128 0B       		.uleb128 0xb
 1616 0129 3B       		.uleb128 0x3b
 1617 012a 05       		.uleb128 0x5
 1618 012b 49       		.uleb128 0x49
 1619 012c 13       		.uleb128 0x13
 1620 012d 3F       		.uleb128 0x3f
 1621 012e 19       		.uleb128 0x19
 1622 012f 3C       		.uleb128 0x3c
 1623 0130 19       		.uleb128 0x19
 1624 0131 00       		.byte	0
 1625 0132 00       		.byte	0
 1626 0133 1A       		.uleb128 0x1a
 1627 0134 21       		.uleb128 0x21
 1628 0135 00       		.byte	0
 1629 0136 00       		.byte	0
 1630 0137 00       		.byte	0
 1631 0138 1B       		.uleb128 0x1b
 1632 0139 15       		.uleb128 0x15
 1633 013a 01       		.byte	0x1
 1634 013b 27       		.uleb128 0x27
 1635 013c 19       		.uleb128 0x19
 1636 013d 49       		.uleb128 0x49
 1637 013e 13       		.uleb128 0x13
 1638 013f 01       		.uleb128 0x1
 1639 0140 13       		.uleb128 0x13
 1640 0141 00       		.byte	0
 1641 0142 00       		.byte	0
 1642 0143 1C       		.uleb128 0x1c
 1643 0144 16       		.uleb128 0x16
 1644 0145 00       		.byte	0
 1645 0146 03       		.uleb128 0x3
 1646 0147 0E       		.uleb128 0xe
 1647 0148 3A       		.uleb128 0x3a
 1648 0149 0B       		.uleb128 0xb
 1649 014a 3B       		.uleb128 0x3b
 1650 014b 05       		.uleb128 0x5
 1651 014c 49       		.uleb128 0x49
 1652 014d 13       		.uleb128 0x13
 1653 014e 00       		.byte	0
ARM GAS  /tmp/ccCV8DTt.s 			page 30


 1654 014f 00       		.byte	0
 1655 0150 00       		.byte	0
 1656              		.section	.debug_aranges,"",%progbits
 1657 0000 14000000 		.4byte	0x14
 1658 0004 0200     		.2byte	0x2
 1659 0006 00000000 		.4byte	.Ldebug_info0
 1660 000a 04       		.byte	0x4
 1661 000b 00       		.byte	0
 1662 000c 0000     		.2byte	0
 1663 000e 0000     		.2byte	0
 1664 0010 00000000 		.4byte	0
 1665 0014 00000000 		.4byte	0
 1666              		.section	.debug_line,"",%progbits
 1667              	.Ldebug_line0:
 1668 0000 E4020000 		.section	.debug_str,"MS",%progbits,1
 1668      0200DE02 
 1668      00000201 
 1668      FB0E0D00 
 1668      01010101 
 1669              	.LASF146:
 1670 0000 2E2F524D 		.ascii	"./RM18A-ChibiOS18-Core/chibios/os/rt/src/chtrace.c\000"
 1670      3138412D 
 1670      43686962 
 1670      694F5331 
 1670      382D436F 
 1671              	.LASF54:
 1672 0033 72656164 		.ascii	"ready_list_t\000"
 1672      795F6C69 
 1672      73745F74 
 1672      00
 1673              	.LASF4:
 1674 0040 73697A65 		.ascii	"size_t\000"
 1674      5F7400
 1675              	.LASF60:
 1676 0047 64656C74 		.ascii	"delta\000"
 1676      6100
 1677              	.LASF85:
 1678 004d 7264796D 		.ascii	"rdymsg\000"
 1678      736700
 1679              	.LASF20:
 1680 0054 75696E74 		.ascii	"uint64_t\000"
 1680      36345F74 
 1680      00
 1681              	.LASF5:
 1682 005d 5F5F7569 		.ascii	"__uint8_t\000"
 1682      6E74385F 
 1682      7400
 1683              	.LASF53:
 1684 0067 70726576 		.ascii	"prev\000"
 1684      00
 1685              	.LASF82:
 1686 006c 706F7274 		.ascii	"port_intctx\000"
 1686      5F696E74 
 1686      63747800 
 1687              	.LASF65:
 1688 0078 73797374 		.ascii	"system_debug_t\000"
 1688      656D5F64 
ARM GAS  /tmp/ccCV8DTt.s 			page 31


 1688      65627567 
 1688      5F7400
 1689              	.LASF128:
 1690 0087 70726F76 		.ascii	"provider\000"
 1690      69646572 
 1690      00
 1691              	.LASF138:
 1692 0090 73656D5F 		.ascii	"sem_list\000"
 1692      6C697374 
 1692      00
 1693              	.LASF120:
 1694 0099 6D656D67 		.ascii	"memgetfunc_t\000"
 1694      65746675 
 1694      6E635F74 
 1694      00
 1695              	.LASF15:
 1696 00a6 6C6F6E67 		.ascii	"long long unsigned int\000"
 1696      206C6F6E 
 1696      6720756E 
 1696      7369676E 
 1696      65642069 
 1697              	.LASF86:
 1698 00bd 65786974 		.ascii	"exitcode\000"
 1698      636F6465 
 1698      00
 1699              	.LASF72:
 1700 00c6 6D61696E 		.ascii	"mainthread\000"
 1700      74687265 
 1700      616400
 1701              	.LASF89:
 1702 00d1 73656E74 		.ascii	"sentmsg\000"
 1702      6D736700 
 1703              	.LASF62:
 1704 00d9 76697274 		.ascii	"virtual_timers_list_t\000"
 1704      75616C5F 
 1704      74696D65 
 1704      72735F6C 
 1704      6973745F 
 1705              	.LASF75:
 1706 00ef 49544D5F 		.ascii	"ITM_RxBuffer\000"
 1706      52784275 
 1706      66666572 
 1706      00
 1707              	.LASF131:
 1708 00fc 64796E5F 		.ascii	"dyn_element_t\000"
 1708      656C656D 
 1708      656E745F 
 1708      7400
 1709              	.LASF50:
 1710 010a 6E657874 		.ascii	"next\000"
 1710      00
 1711              	.LASF52:
 1712 010f 63685F74 		.ascii	"ch_threads_queue\000"
 1712      68726561 
 1712      64735F71 
 1712      75657565 
 1712      00
ARM GAS  /tmp/ccCV8DTt.s 			page 32


 1713              	.LASF1:
 1714 0120 6C6F6E67 		.ascii	"long long int\000"
 1714      206C6F6E 
 1714      6720696E 
 1714      7400
 1715              	.LASF3:
 1716 012e 7369676E 		.ascii	"signed char\000"
 1716      65642063 
 1716      68617200 
 1717              	.LASF100:
 1718 013a 73697A65 		.ascii	"size\000"
 1718      00
 1719              	.LASF70:
 1720 013f 726C6973 		.ascii	"rlist\000"
 1720      7400
 1721              	.LASF71:
 1722 0145 76746C69 		.ascii	"vtlist\000"
 1722      737400
 1723              	.LASF41:
 1724 014c 6D736771 		.ascii	"msgqueue\000"
 1724      75657565 
 1724      00
 1725              	.LASF37:
 1726 0155 73746174 		.ascii	"state\000"
 1726      6500
 1727              	.LASF11:
 1728 015b 6C6F6E67 		.ascii	"long int\000"
 1728      20696E74 
 1728      00
 1729              	.LASF23:
 1730 0164 74737461 		.ascii	"tstate_t\000"
 1730      74655F74 
 1730      00
 1731              	.LASF61:
 1732 016d 66756E63 		.ascii	"func\000"
 1732      00
 1733              	.LASF116:
 1734 0172 63686465 		.ascii	"chdebug_t\000"
 1734      6275675F 
 1734      7400
 1735              	.LASF114:
 1736 017c 6F66665F 		.ascii	"off_preempt\000"
 1736      70726565 
 1736      6D707400 
 1737              	.LASF12:
 1738 0188 5F5F7569 		.ascii	"__uint32_t\000"
 1738      6E743332 
 1738      5F7400
 1739              	.LASF79:
 1740 0193 72656761 		.ascii	"regarm_t\000"
 1740      726D5F74 
 1740      00
 1741              	.LASF140:
 1742 019c 6D62785F 		.ascii	"mbx_list\000"
 1742      6C697374 
 1742      00
 1743              	.LASF66:
ARM GAS  /tmp/ccCV8DTt.s 			page 33


 1744 01a5 63685F73 		.ascii	"ch_system_debug\000"
 1744      79737465 
 1744      6D5F6465 
 1744      62756700 
 1745              	.LASF40:
 1746 01b5 77616974 		.ascii	"waiting\000"
 1746      696E6700 
 1747              	.LASF78:
 1748 01bd 41504250 		.ascii	"APBPrescTable\000"
 1748      72657363 
 1748      5461626C 
 1748      6500
 1749              	.LASF99:
 1750 01cb 7A65726F 		.ascii	"zero\000"
 1750      00
 1751              	.LASF118:
 1752 01d0 6D757465 		.ascii	"mutex_t\000"
 1752      785F7400 
 1753              	.LASF127:
 1754 01d8 616C6967 		.ascii	"align\000"
 1754      6E00
 1755              	.LASF74:
 1756 01de 73797369 		.ascii	"sysinterval_t\000"
 1756      6E746572 
 1756      76616C5F 
 1756      7400
 1757              	.LASF28:
 1758 01ec 636E745F 		.ascii	"cnt_t\000"
 1758      7400
 1759              	.LASF0:
 1760 01f2 756E7369 		.ascii	"unsigned int\000"
 1760      676E6564 
 1760      20696E74 
 1760      00
 1761              	.LASF17:
 1762 01ff 75696E74 		.ascii	"uint16_t\000"
 1762      31365F74 
 1762      00
 1763              	.LASF76:
 1764 0208 53797374 		.ascii	"SystemCoreClock\000"
 1764      656D436F 
 1764      7265436C 
 1764      6F636B00 
 1765              	.LASF90:
 1766 0218 77747365 		.ascii	"wtsemp\000"
 1766      6D7000
 1767              	.LASF88:
 1768 021f 77747472 		.ascii	"wttrp\000"
 1768      7000
 1769              	.LASF117:
 1770 0225 63685F64 		.ascii	"ch_debug\000"
 1770      65627567 
 1770      00
 1771              	.LASF129:
 1772 022e 6D656D6F 		.ascii	"memory_pool_t\000"
 1772      72795F70 
 1772      6F6F6C5F 
ARM GAS  /tmp/ccCV8DTt.s 			page 34


 1772      7400
 1773              	.LASF35:
 1774 023c 6E616D65 		.ascii	"name\000"
 1774      00
 1775              	.LASF31:
 1776 0241 71756575 		.ascii	"queue\000"
 1776      6500
 1777              	.LASF45:
 1778 0247 6D706F6F 		.ascii	"mpool\000"
 1778      6C00
 1779              	.LASF113:
 1780 024d 6F66665F 		.ascii	"off_refs\000"
 1780      72656673 
 1780      00
 1781              	.LASF137:
 1782 0256 6275665F 		.ascii	"buf_list\000"
 1782      6C697374 
 1782      00
 1783              	.LASF48:
 1784 025f 63685F74 		.ascii	"ch_thread\000"
 1784      68726561 
 1784      6400
 1785              	.LASF26:
 1786 0269 6D73675F 		.ascii	"msg_t\000"
 1786      7400
 1787              	.LASF29:
 1788 026f 75636E74 		.ascii	"ucnt_t\000"
 1788      5F7400
 1789              	.LASF42:
 1790 0276 6570656E 		.ascii	"epending\000"
 1790      64696E67 
 1790      00
 1791              	.LASF133:
 1792 027f 64796E5F 		.ascii	"dyn_list_t\000"
 1792      6C697374 
 1792      5F7400
 1793              	.LASF68:
 1794 028a 63685F73 		.ascii	"ch_system_t\000"
 1794      79737465 
 1794      6D5F7400 
 1795              	.LASF106:
 1796 0296 6F66665F 		.ascii	"off_ctx\000"
 1796      63747800 
 1797              	.LASF22:
 1798 029e 746D6F64 		.ascii	"tmode_t\000"
 1798      655F7400 
 1799              	.LASF55:
 1800 02a6 63685F72 		.ascii	"ch_ready_list\000"
 1800      65616479 
 1800      5F6C6973 
 1800      7400
 1801              	.LASF27:
 1802 02b4 6576656E 		.ascii	"eventmask_t\000"
 1802      746D6173 
 1802      6B5F7400 
 1803              	.LASF77:
 1804 02c0 41484250 		.ascii	"AHBPrescTable\000"
ARM GAS  /tmp/ccCV8DTt.s 			page 35


 1804      72657363 
 1804      5461626C 
 1804      6500
 1805              	.LASF122:
 1806 02ce 656E646D 		.ascii	"endmem\000"
 1806      656D00
 1807              	.LASF10:
 1808 02d5 5F5F696E 		.ascii	"__int32_t\000"
 1808      7433325F 
 1808      7400
 1809              	.LASF80:
 1810 02df 73746B61 		.ascii	"stkalign_t\000"
 1810      6C69676E 
 1810      5F7400
 1811              	.LASF33:
 1812 02ea 6E657765 		.ascii	"newer\000"
 1812      7200
 1813              	.LASF44:
 1814 02f0 7265616C 		.ascii	"realprio\000"
 1814      7072696F 
 1814      00
 1815              	.LASF101:
 1816 02f9 76657273 		.ascii	"version\000"
 1816      696F6E00 
 1817              	.LASF21:
 1818 0301 7274636E 		.ascii	"rtcnt_t\000"
 1818      745F7400 
 1819              	.LASF46:
 1820 0309 74687265 		.ascii	"thread_reference_t\000"
 1820      61645F72 
 1820      65666572 
 1820      656E6365 
 1820      5F7400
 1821              	.LASF63:
 1822 031c 63685F76 		.ascii	"ch_virtual_timers_list\000"
 1822      69727475 
 1822      616C5F74 
 1822      696D6572 
 1822      735F6C69 
 1823              	.LASF2:
 1824 0333 6C6F6E67 		.ascii	"long double\000"
 1824      20646F75 
 1824      626C6500 
 1825              	.LASF132:
 1826 033f 63685F64 		.ascii	"ch_dyn_list\000"
 1826      796E5F6C 
 1826      69737400 
 1827              	.LASF107:
 1828 034b 6F66665F 		.ascii	"off_newer\000"
 1828      6E657765 
 1828      7200
 1829              	.LASF147:
 1830 0355 2F686F6D 		.ascii	"/home/tongcheng/Downloads/RM2019_Power_Runes-master"
 1830      652F746F 
 1830      6E676368 
 1830      656E672F 
 1830      446F776E 
ARM GAS  /tmp/ccCV8DTt.s 			page 36


 1831 0388 2F524D32 		.ascii	"/RM2019_Power_Runes\000"
 1831      3031395F 
 1831      506F7765 
 1831      725F5275 
 1831      6E657300 
 1832              	.LASF81:
 1833 039c 706F7274 		.ascii	"port_context\000"
 1833      5F636F6E 
 1833      74657874 
 1833      00
 1834              	.LASF84:
 1835 03a9 746D5F63 		.ascii	"tm_calibration_t\000"
 1835      616C6962 
 1835      72617469 
 1835      6F6E5F74 
 1835      00
 1836              	.LASF32:
 1837 03ba 7072696F 		.ascii	"prio\000"
 1837      00
 1838              	.LASF139:
 1839 03bf 73656D5F 		.ascii	"sem_pool\000"
 1839      706F6F6C 
 1839      00
 1840              	.LASF56:
 1841 03c8 63757272 		.ascii	"current\000"
 1841      656E7400 
 1842              	.LASF14:
 1843 03d0 5F5F7569 		.ascii	"__uint64_t\000"
 1843      6E743634 
 1843      5F7400
 1844              	.LASF123:
 1845 03db 6D656D63 		.ascii	"memcore_t\000"
 1845      6F72655F 
 1845      7400
 1846              	.LASF24:
 1847 03e5 74726566 		.ascii	"trefs_t\000"
 1847      735F7400 
 1848              	.LASF39:
 1849 03ed 72656673 		.ascii	"refs\000"
 1849      00
 1850              	.LASF58:
 1851 03f2 76697274 		.ascii	"virtual_timer_t\000"
 1851      75616C5F 
 1851      74696D65 
 1851      725F7400 
 1852              	.LASF130:
 1853 0402 63685F64 		.ascii	"ch_dyn_element\000"
 1853      796E5F65 
 1853      6C656D65 
 1853      6E7400
 1854              	.LASF25:
 1855 0411 74707269 		.ascii	"tprio_t\000"
 1855      6F5F7400 
 1856              	.LASF104:
 1857 0419 74687265 		.ascii	"threadsize\000"
 1857      61647369 
 1857      7A6500
ARM GAS  /tmp/ccCV8DTt.s 			page 37


 1858              	.LASF119:
 1859 0424 5F426F6F 		.ascii	"_Bool\000"
 1859      6C00
 1860              	.LASF18:
 1861 042a 696E7433 		.ascii	"int32_t\000"
 1861      325F7400 
 1862              	.LASF6:
 1863 0432 756E7369 		.ascii	"unsigned char\000"
 1863      676E6564 
 1863      20636861 
 1863      7200
 1864              	.LASF105:
 1865 0440 6F66665F 		.ascii	"off_prio\000"
 1865      7072696F 
 1865      00
 1866              	.LASF110:
 1867 0449 6F66665F 		.ascii	"off_stklimit\000"
 1867      73746B6C 
 1867      696D6974 
 1867      00
 1868              	.LASF7:
 1869 0456 73686F72 		.ascii	"short int\000"
 1869      7420696E 
 1869      7400
 1870              	.LASF64:
 1871 0460 6C617374 		.ascii	"lasttime\000"
 1871      74696D65 
 1871      00
 1872              	.LASF92:
 1873 0469 65776D61 		.ascii	"ewmask\000"
 1873      736B00
 1874              	.LASF69:
 1875 0470 63685F73 		.ascii	"ch_system\000"
 1875      79737465 
 1875      6D00
 1876              	.LASF144:
 1877 047a 63685F66 		.ascii	"ch_factory\000"
 1877      6163746F 
 1877      727900
 1878              	.LASF136:
 1879 0485 6F626A5F 		.ascii	"obj_pool\000"
 1879      706F6F6C 
 1879      00
 1880              	.LASF59:
 1881 048e 63685F76 		.ascii	"ch_virtual_timer\000"
 1881      69727475 
 1881      616C5F74 
 1881      696D6572 
 1881      00
 1882              	.LASF93:
 1883 049f 63685F73 		.ascii	"ch_semaphore\000"
 1883      656D6170 
 1883      686F7265 
 1883      00
 1884              	.LASF115:
 1885 04ac 6F66665F 		.ascii	"off_time\000"
 1885      74696D65 
ARM GAS  /tmp/ccCV8DTt.s 			page 38


 1885      00
 1886              	.LASF97:
 1887 04b5 63685F69 		.ascii	"ch_idle_thread_wa\000"
 1887      646C655F 
 1887      74687265 
 1887      61645F77 
 1887      6100
 1888              	.LASF103:
 1889 04c7 74696D65 		.ascii	"timesize\000"
 1889      73697A65 
 1889      00
 1890              	.LASF142:
 1891 04d0 70697065 		.ascii	"pipe_list\000"
 1891      5F6C6973 
 1891      7400
 1892              	.LASF19:
 1893 04da 75696E74 		.ascii	"uint32_t\000"
 1893      33325F74 
 1893      00
 1894              	.LASF91:
 1895 04e3 77746D74 		.ascii	"wtmtxp\000"
 1895      787000
 1896              	.LASF49:
 1897 04ea 63685F74 		.ascii	"ch_threads_list\000"
 1897      68726561 
 1897      64735F6C 
 1897      69737400 
 1898              	.LASF95:
 1899 04fa 6F776E65 		.ascii	"owner\000"
 1899      7200
 1900              	.LASF145:
 1901 0500 474E5520 		.ascii	"GNU C11 7.3.1 20180622 (release) [ARM/embedded-7-br"
 1901      43313120 
 1901      372E332E 
 1901      31203230 
 1901      31383036 
 1902 0533 616E6368 		.ascii	"anch revision 261907] -mcpu=cortex-m4 -mthumb -mflo"
 1902      20726576 
 1902      6973696F 
 1902      6E203236 
 1902      31393037 
 1903 0566 61742D61 		.ascii	"at-abi=hard -mfpu=fpv4-sp-d16 -ggdb -O3 -std=c11 -f"
 1903      62693D68 
 1903      61726420 
 1903      2D6D6670 
 1903      753D6670 
 1904 0599 6F6D6974 		.ascii	"omit-frame-pointer -ffunction-sections -fdata-secti"
 1904      2D667261 
 1904      6D652D70 
 1904      6F696E74 
 1904      6572202D 
 1905 05cc 6F6E7320 		.ascii	"ons -fno-common\000"
 1905      2D666E6F 
 1905      2D636F6D 
 1905      6D6F6E00 
 1906              	.LASF13:
 1907 05dc 6C6F6E67 		.ascii	"long unsigned int\000"
ARM GAS  /tmp/ccCV8DTt.s 			page 39


 1907      20756E73 
 1907      69676E65 
 1907      6420696E 
 1907      7400
 1908              	.LASF36:
 1909 05ee 77616261 		.ascii	"wabase\000"
 1909      736500
 1910              	.LASF96:
 1911 05f5 63686172 		.ascii	"char\000"
 1911      00
 1912              	.LASF34:
 1913 05fa 6F6C6465 		.ascii	"older\000"
 1913      7200
 1914              	.LASF135:
 1915 0600 6F626A5F 		.ascii	"obj_list\000"
 1915      6C697374 
 1915      00
 1916              	.LASF8:
 1917 0609 5F5F7569 		.ascii	"__uint16_t\000"
 1917      6E743136 
 1917      5F7400
 1918              	.LASF30:
 1919 0614 74687265 		.ascii	"thread_t\000"
 1919      61645F74 
 1919      00
 1920              	.LASF124:
 1921 061d 63685F6D 		.ascii	"ch_memcore\000"
 1921      656D636F 
 1921      726500
 1922              	.LASF73:
 1923 0628 73797374 		.ascii	"systime_t\000"
 1923      696D655F 
 1923      7400
 1924              	.LASF57:
 1925 0632 76746675 		.ascii	"vtfunc_t\000"
 1925      6E635F74 
 1925      00
 1926              	.LASF67:
 1927 063b 70616E69 		.ascii	"panic_msg\000"
 1927      635F6D73 
 1927      6700
 1928              	.LASF83:
 1929 0645 6F666673 		.ascii	"offset\000"
 1929      657400
 1930              	.LASF94:
 1931 064c 63685F6D 		.ascii	"ch_mutex\000"
 1931      75746578 
 1931      00
 1932              	.LASF108:
 1933 0655 6F66665F 		.ascii	"off_older\000"
 1933      6F6C6465 
 1933      7200
 1934              	.LASF9:
 1935 065f 73686F72 		.ascii	"short unsigned int\000"
 1935      7420756E 
 1935      7369676E 
 1935      65642069 
ARM GAS  /tmp/ccCV8DTt.s 			page 40


 1935      6E7400
 1936              	.LASF98:
 1937 0672 6964656E 		.ascii	"identifier\000"
 1937      74696669 
 1937      657200
 1938              	.LASF126:
 1939 067d 6F626A65 		.ascii	"object_size\000"
 1939      63745F73 
 1939      697A6500 
 1940              	.LASF102:
 1941 0689 70747273 		.ascii	"ptrsize\000"
 1941      697A6500 
 1942              	.LASF134:
 1943 0691 63685F6F 		.ascii	"ch_objects_factory\000"
 1943      626A6563 
 1943      74735F66 
 1943      6163746F 
 1943      727900
 1944              	.LASF51:
 1945 06a4 74687265 		.ascii	"threads_queue_t\000"
 1945      6164735F 
 1945      71756575 
 1945      655F7400 
 1946              	.LASF125:
 1947 06b4 706F6F6C 		.ascii	"pool_header\000"
 1947      5F686561 
 1947      64657200 
 1948              	.LASF109:
 1949 06c0 6F66665F 		.ascii	"off_name\000"
 1949      6E616D65 
 1949      00
 1950              	.LASF16:
 1951 06c9 75696E74 		.ascii	"uint8_t\000"
 1951      385F7400 
 1952              	.LASF38:
 1953 06d1 666C6167 		.ascii	"flags\000"
 1953      7300
 1954              	.LASF141:
 1955 06d7 6669666F 		.ascii	"fifo_list\000"
 1955      5F6C6973 
 1955      7400
 1956              	.LASF87:
 1957 06e1 77746F62 		.ascii	"wtobjp\000"
 1957      6A7000
 1958              	.LASF47:
 1959 06e8 74687265 		.ascii	"threads_list_t\000"
 1959      6164735F 
 1959      6C697374 
 1959      5F7400
 1960              	.LASF111:
 1961 06f7 6F66665F 		.ascii	"off_state\000"
 1961      73746174 
 1961      6500
 1962              	.LASF143:
 1963 0701 6F626A65 		.ascii	"objects_factory_t\000"
 1963      6374735F 
 1963      66616374 
ARM GAS  /tmp/ccCV8DTt.s 			page 41


 1963      6F72795F 
 1963      7400
 1964              	.LASF112:
 1965 0713 6F66665F 		.ascii	"off_flags\000"
 1965      666C6167 
 1965      7300
 1966              	.LASF43:
 1967 071d 6D74786C 		.ascii	"mtxlist\000"
 1967      69737400 
 1968              	.LASF121:
 1969 0725 6E657874 		.ascii	"nextmem\000"
 1969      6D656D00 
 1970              		.ident	"GCC: (GNU Tools for Arm Embedded Processors 7-2018-q3-update) 7.3.1 20180622 (release) [AR
ARM GAS  /tmp/ccCV8DTt.s 			page 42


DEFINED SYMBOLS
                            *ABS*:0000000000000000 chtrace.c

NO UNDEFINED SYMBOLS
