ARM GAS  /tmp/ccb1qONW.s 			page 1


   1              		.cpu cortex-m4
   2              		.eabi_attribute 27, 1
   3              		.eabi_attribute 28, 1
   4              		.eabi_attribute 20, 1
   5              		.eabi_attribute 21, 1
   6              		.eabi_attribute 23, 3
   7              		.eabi_attribute 24, 1
   8              		.eabi_attribute 25, 1
   9              		.eabi_attribute 26, 1
  10              		.eabi_attribute 30, 2
  11              		.eabi_attribute 34, 1
  12              		.eabi_attribute 18, 4
  13              		.file	"missingCImpl.c"
  14              		.text
  15              	.Ltext0:
  16              		.cfi_sections	.debug_frame
  17              		.section	.text._fini,"ax",%progbits
  18              		.align	1
  19              		.p2align 2,,3
  20              		.global	_fini
  21              		.syntax unified
  22              		.thumb
  23              		.thumb_func
  24              		.fpu fpv4-sp-d16
  25              		.type	_fini, %function
  26              	_fini:
  27              	.LFB0:
  28              		.file 1 "./RM18A-ChibiOS18-Core/src/cpp/missingCImpl.c"
  29              		.loc 1 2 0
  30              		.cfi_startproc
  31              		@ args = 0, pretend = 0, frame = 0
  32              		@ frame_needed = 0, uses_anonymous_args = 0
  33              		@ link register save eliminated.
  34              		.loc 1 2 0
  35 0000 7047     		bx	lr
  36              		.cfi_endproc
  37              	.LFE0:
  38              		.size	_fini, .-_fini
  39 0002 00BF     		.text
  40              	.Letext0:
  41              		.section	.debug_info,"",%progbits
  42              	.Ldebug_info0:
  43 0000 33000000 		.4byte	0x33
  44 0004 0400     		.2byte	0x4
  45 0006 00000000 		.4byte	.Ldebug_abbrev0
  46 000a 04       		.byte	0x4
  47 000b 01       		.uleb128 0x1
  48 000c 06000000 		.4byte	.LASF0
  49 0010 0C       		.byte	0xc
  50 0011 E2000000 		.4byte	.LASF1
  51 0015 10010000 		.4byte	.LASF2
  52 0019 00000000 		.4byte	.Ldebug_ranges0+0
  53 001d 00000000 		.4byte	0
  54 0021 00000000 		.4byte	.Ldebug_line0
  55 0025 02       		.uleb128 0x2
  56 0026 00000000 		.4byte	.LASF3
  57 002a 01       		.byte	0x1
ARM GAS  /tmp/ccb1qONW.s 			page 2


  58 002b 02       		.byte	0x2
  59 002c 00000000 		.4byte	.LFB0
  60 0030 02000000 		.4byte	.LFE0-.LFB0
  61 0034 01       		.uleb128 0x1
  62 0035 9C       		.byte	0x9c
  63 0036 00       		.byte	0
  64              		.section	.debug_abbrev,"",%progbits
  65              	.Ldebug_abbrev0:
  66 0000 01       		.uleb128 0x1
  67 0001 11       		.uleb128 0x11
  68 0002 01       		.byte	0x1
  69 0003 25       		.uleb128 0x25
  70 0004 0E       		.uleb128 0xe
  71 0005 13       		.uleb128 0x13
  72 0006 0B       		.uleb128 0xb
  73 0007 03       		.uleb128 0x3
  74 0008 0E       		.uleb128 0xe
  75 0009 1B       		.uleb128 0x1b
  76 000a 0E       		.uleb128 0xe
  77 000b 55       		.uleb128 0x55
  78 000c 17       		.uleb128 0x17
  79 000d 11       		.uleb128 0x11
  80 000e 01       		.uleb128 0x1
  81 000f 10       		.uleb128 0x10
  82 0010 17       		.uleb128 0x17
  83 0011 00       		.byte	0
  84 0012 00       		.byte	0
  85 0013 02       		.uleb128 0x2
  86 0014 2E       		.uleb128 0x2e
  87 0015 00       		.byte	0
  88 0016 3F       		.uleb128 0x3f
  89 0017 19       		.uleb128 0x19
  90 0018 03       		.uleb128 0x3
  91 0019 0E       		.uleb128 0xe
  92 001a 3A       		.uleb128 0x3a
  93 001b 0B       		.uleb128 0xb
  94 001c 3B       		.uleb128 0x3b
  95 001d 0B       		.uleb128 0xb
  96 001e 27       		.uleb128 0x27
  97 001f 19       		.uleb128 0x19
  98 0020 11       		.uleb128 0x11
  99 0021 01       		.uleb128 0x1
 100 0022 12       		.uleb128 0x12
 101 0023 06       		.uleb128 0x6
 102 0024 40       		.uleb128 0x40
 103 0025 18       		.uleb128 0x18
 104 0026 9742     		.uleb128 0x2117
 105 0028 19       		.uleb128 0x19
 106 0029 00       		.byte	0
 107 002a 00       		.byte	0
 108 002b 00       		.byte	0
 109              		.section	.debug_aranges,"",%progbits
 110 0000 1C000000 		.4byte	0x1c
 111 0004 0200     		.2byte	0x2
 112 0006 00000000 		.4byte	.Ldebug_info0
 113 000a 04       		.byte	0x4
 114 000b 00       		.byte	0
ARM GAS  /tmp/ccb1qONW.s 			page 3


 115 000c 0000     		.2byte	0
 116 000e 0000     		.2byte	0
 117 0010 00000000 		.4byte	.LFB0
 118 0014 02000000 		.4byte	.LFE0-.LFB0
 119 0018 00000000 		.4byte	0
 120 001c 00000000 		.4byte	0
 121              		.section	.debug_ranges,"",%progbits
 122              	.Ldebug_ranges0:
 123 0000 00000000 		.4byte	.LFB0
 124 0004 02000000 		.4byte	.LFE0
 125 0008 00000000 		.4byte	0
 126 000c 00000000 		.4byte	0
 127              		.section	.debug_line,"",%progbits
 128              	.Ldebug_line0:
 129 0000 58000000 		.section	.debug_str,"MS",%progbits,1
 129      02004400 
 129      00000201 
 129      FB0E0D00 
 129      01010101 
 130              	.LASF3:
 131 0000 5F66696E 		.ascii	"_fini\000"
 131      6900
 132              	.LASF0:
 133 0006 474E5520 		.ascii	"GNU C11 7.3.1 20180622 (release) [ARM/embedded-7-br"
 133      43313120 
 133      372E332E 
 133      31203230 
 133      31383036 
 134 0039 616E6368 		.ascii	"anch revision 261907] -mcpu=cortex-m4 -mthumb -mflo"
 134      20726576 
 134      6973696F 
 134      6E203236 
 134      31393037 
 135 006c 61742D61 		.ascii	"at-abi=hard -mfpu=fpv4-sp-d16 -ggdb -O3 -std=c11 -f"
 135      62693D68 
 135      61726420 
 135      2D6D6670 
 135      753D6670 
 136 009f 6F6D6974 		.ascii	"omit-frame-pointer -ffunction-sections -fdata-secti"
 136      2D667261 
 136      6D652D70 
 136      6F696E74 
 136      6572202D 
 137 00d2 6F6E7320 		.ascii	"ons -fno-common\000"
 137      2D666E6F 
 137      2D636F6D 
 137      6D6F6E00 
 138              	.LASF1:
 139 00e2 2E2F524D 		.ascii	"./RM18A-ChibiOS18-Core/src/cpp/missingCImpl.c\000"
 139      3138412D 
 139      43686962 
 139      694F5331 
 139      382D436F 
 140              	.LASF2:
 141 0110 2F686F6D 		.ascii	"/home/tongcheng/Downloads/RM2019_Power_Runes-master"
 141      652F746F 
 141      6E676368 
ARM GAS  /tmp/ccb1qONW.s 			page 4


 141      656E672F 
 141      446F776E 
 142 0143 2F524D32 		.ascii	"/RM2019_Power_Runes\000"
 142      3031395F 
 142      506F7765 
 142      725F5275 
 142      6E657300 
 143              		.ident	"GCC: (GNU Tools for Arm Embedded Processors 7-2018-q3-update) 7.3.1 20180622 (release) [AR
ARM GAS  /tmp/ccb1qONW.s 			page 5


DEFINED SYMBOLS
                            *ABS*:0000000000000000 missingCImpl.c
     /tmp/ccb1qONW.s:18     .text._fini:0000000000000000 $t
     /tmp/ccb1qONW.s:26     .text._fini:0000000000000000 _fini

NO UNDEFINED SYMBOLS
