ARM GAS  /tmp/ccrq0cBI.s 			page 1


   1              		.cpu cortex-m4
   2              		.eabi_attribute 27, 1
   3              		.eabi_attribute 28, 1
   4              		.eabi_attribute 20, 1
   5              		.eabi_attribute 21, 1
   6              		.eabi_attribute 23, 3
   7              		.eabi_attribute 24, 1
   8              		.eabi_attribute 25, 1
   9              		.eabi_attribute 26, 1
  10              		.eabi_attribute 30, 2
  11              		.eabi_attribute 34, 1
  12              		.eabi_attribute 18, 4
  13              		.file	"vl53l0x_platform.c"
  14              		.text
  15              	.Ltext0:
  16              		.cfi_sections	.debug_frame
  17              	.Letext0:
  18              		.file 1 "/usr/arm-none-eabi/include/sys/lock.h"
  19              		.file 2 "/usr/arm-none-eabi/include/sys/_types.h"
  20              		.file 3 "/usr/lib/gcc/arm-none-eabi/7.3.1/include/stddef.h"
  21              		.file 4 "/usr/arm-none-eabi/include/sys/reent.h"
  22              		.section	.debug_info,"",%progbits
  23              	.Ldebug_info0:
  24 0000 79080000 		.4byte	0x879
  25 0004 0400     		.2byte	0x4
  26 0006 00000000 		.4byte	.Ldebug_abbrev0
  27 000a 04       		.byte	0x4
  28 000b 01       		.uleb128 0x1
  29 000c E8030000 		.4byte	.LASF121
  30 0010 0C       		.byte	0xc
  31 0011 E1040000 		.4byte	.LASF122
  32 0015 87030000 		.4byte	.LASF123
  33 0019 00000000 		.4byte	.Ldebug_line0
  34 001d 02       		.uleb128 0x2
  35 001e 01       		.byte	0x1
  36 001f 06       		.byte	0x6
  37 0020 AA000000 		.4byte	.LASF0
  38 0024 02       		.uleb128 0x2
  39 0025 01       		.byte	0x1
  40 0026 08       		.byte	0x8
  41 0027 D3020000 		.4byte	.LASF1
  42 002b 02       		.uleb128 0x2
  43 002c 02       		.byte	0x2
  44 002d 05       		.byte	0x5
  45 002e E7020000 		.4byte	.LASF2
  46 0032 02       		.uleb128 0x2
  47 0033 02       		.byte	0x2
  48 0034 07       		.byte	0x7
  49 0035 F9010000 		.4byte	.LASF3
  50 0039 02       		.uleb128 0x2
  51 003a 04       		.byte	0x4
  52 003b 05       		.byte	0x5
  53 003c EF000000 		.4byte	.LASF4
  54 0040 02       		.uleb128 0x2
  55 0041 04       		.byte	0x4
  56 0042 07       		.byte	0x7
  57 0043 D3010000 		.4byte	.LASF5
ARM GAS  /tmp/ccrq0cBI.s 			page 2


  58 0047 02       		.uleb128 0x2
  59 0048 08       		.byte	0x8
  60 0049 05       		.byte	0x5
  61 004a 9C000000 		.4byte	.LASF6
  62 004e 02       		.uleb128 0x2
  63 004f 08       		.byte	0x8
  64 0050 07       		.byte	0x7
  65 0051 4B000000 		.4byte	.LASF7
  66 0055 03       		.uleb128 0x3
  67 0056 04       		.byte	0x4
  68 0057 05       		.byte	0x5
  69 0058 696E7400 		.ascii	"int\000"
  70 005c 02       		.uleb128 0x2
  71 005d 04       		.byte	0x4
  72 005e 07       		.byte	0x7
  73 005f AF010000 		.4byte	.LASF8
  74 0063 02       		.uleb128 0x2
  75 0064 08       		.byte	0x8
  76 0065 04       		.byte	0x4
  77 0066 67020000 		.4byte	.LASF9
  78 006a 04       		.uleb128 0x4
  79 006b 04       		.byte	0x4
  80 006c 05       		.uleb128 0x5
  81 006d C1020000 		.4byte	.LASF10
  82 0071 01       		.byte	0x1
  83 0072 0C       		.byte	0xc
  84 0073 55000000 		.4byte	0x55
  85 0077 05       		.uleb128 0x5
  86 0078 B0020000 		.4byte	.LASF11
  87 007c 02       		.byte	0x2
  88 007d 2C       		.byte	0x2c
  89 007e 39000000 		.4byte	0x39
  90 0082 05       		.uleb128 0x5
  91 0083 C4040000 		.4byte	.LASF12
  92 0087 02       		.byte	0x2
  93 0088 72       		.byte	0x72
  94 0089 39000000 		.4byte	0x39
  95 008d 06       		.uleb128 0x6
  96 008e 33020000 		.4byte	.LASF13
  97 0092 03       		.byte	0x3
  98 0093 6501     		.2byte	0x165
  99 0095 5C000000 		.4byte	0x5c
 100 0099 07       		.uleb128 0x7
 101 009a 04       		.byte	0x4
 102 009b 02       		.byte	0x2
 103 009c A6       		.byte	0xa6
 104 009d B8000000 		.4byte	0xb8
 105 00a1 08       		.uleb128 0x8
 106 00a2 2D020000 		.4byte	.LASF14
 107 00a6 02       		.byte	0x2
 108 00a7 A8       		.byte	0xa8
 109 00a8 8D000000 		.4byte	0x8d
 110 00ac 08       		.uleb128 0x8
 111 00ad BC010000 		.4byte	.LASF15
 112 00b1 02       		.byte	0x2
 113 00b2 A9       		.byte	0xa9
 114 00b3 B8000000 		.4byte	0xb8
ARM GAS  /tmp/ccrq0cBI.s 			page 3


 115 00b7 00       		.byte	0
 116 00b8 09       		.uleb128 0x9
 117 00b9 24000000 		.4byte	0x24
 118 00bd C8000000 		.4byte	0xc8
 119 00c1 0A       		.uleb128 0xa
 120 00c2 5C000000 		.4byte	0x5c
 121 00c6 03       		.byte	0x3
 122 00c7 00       		.byte	0
 123 00c8 0B       		.uleb128 0xb
 124 00c9 08       		.byte	0x8
 125 00ca 02       		.byte	0x2
 126 00cb A3       		.byte	0xa3
 127 00cc E9000000 		.4byte	0xe9
 128 00d0 0C       		.uleb128 0xc
 129 00d1 59020000 		.4byte	.LASF16
 130 00d5 02       		.byte	0x2
 131 00d6 A5       		.byte	0xa5
 132 00d7 55000000 		.4byte	0x55
 133 00db 00       		.byte	0
 134 00dc 0C       		.uleb128 0xc
 135 00dd CE030000 		.4byte	.LASF17
 136 00e1 02       		.byte	0x2
 137 00e2 AA       		.byte	0xaa
 138 00e3 99000000 		.4byte	0x99
 139 00e7 04       		.byte	0x4
 140 00e8 00       		.byte	0
 141 00e9 05       		.uleb128 0x5
 142 00ea 09030000 		.4byte	.LASF18
 143 00ee 02       		.byte	0x2
 144 00ef AB       		.byte	0xab
 145 00f0 C8000000 		.4byte	0xc8
 146 00f4 05       		.uleb128 0x5
 147 00f5 60010000 		.4byte	.LASF19
 148 00f9 02       		.byte	0x2
 149 00fa AF       		.byte	0xaf
 150 00fb 6C000000 		.4byte	0x6c
 151 00ff 05       		.uleb128 0x5
 152 0100 51050000 		.4byte	.LASF20
 153 0104 04       		.byte	0x4
 154 0105 16       		.byte	0x16
 155 0106 40000000 		.4byte	0x40
 156 010a 0D       		.uleb128 0xd
 157 010b 71010000 		.4byte	.LASF25
 158 010f 18       		.byte	0x18
 159 0110 04       		.byte	0x4
 160 0111 2F       		.byte	0x2f
 161 0112 5D010000 		.4byte	0x15d
 162 0116 0C       		.uleb128 0xc
 163 0117 24050000 		.4byte	.LASF21
 164 011b 04       		.byte	0x4
 165 011c 31       		.byte	0x31
 166 011d 5D010000 		.4byte	0x15d
 167 0121 00       		.byte	0
 168 0122 0E       		.uleb128 0xe
 169 0123 5F6B00   		.ascii	"_k\000"
 170 0126 04       		.byte	0x4
 171 0127 32       		.byte	0x32
ARM GAS  /tmp/ccrq0cBI.s 			page 4


 172 0128 55000000 		.4byte	0x55
 173 012c 04       		.byte	0x4
 174 012d 0C       		.uleb128 0xc
 175 012e 72030000 		.4byte	.LASF22
 176 0132 04       		.byte	0x4
 177 0133 32       		.byte	0x32
 178 0134 55000000 		.4byte	0x55
 179 0138 08       		.byte	0x8
 180 0139 0C       		.uleb128 0xc
 181 013a 5A010000 		.4byte	.LASF23
 182 013e 04       		.byte	0x4
 183 013f 32       		.byte	0x32
 184 0140 55000000 		.4byte	0x55
 185 0144 0C       		.byte	0xc
 186 0145 0C       		.uleb128 0xc
 187 0146 7F050000 		.4byte	.LASF24
 188 014a 04       		.byte	0x4
 189 014b 32       		.byte	0x32
 190 014c 55000000 		.4byte	0x55
 191 0150 10       		.byte	0x10
 192 0151 0E       		.uleb128 0xe
 193 0152 5F7800   		.ascii	"_x\000"
 194 0155 04       		.byte	0x4
 195 0156 33       		.byte	0x33
 196 0157 63010000 		.4byte	0x163
 197 015b 14       		.byte	0x14
 198 015c 00       		.byte	0
 199 015d 0F       		.uleb128 0xf
 200 015e 04       		.byte	0x4
 201 015f 0A010000 		.4byte	0x10a
 202 0163 09       		.uleb128 0x9
 203 0164 FF000000 		.4byte	0xff
 204 0168 73010000 		.4byte	0x173
 205 016c 0A       		.uleb128 0xa
 206 016d 5C000000 		.4byte	0x5c
 207 0171 00       		.byte	0
 208 0172 00       		.byte	0
 209 0173 0D       		.uleb128 0xd
 210 0174 98010000 		.4byte	.LASF26
 211 0178 24       		.byte	0x24
 212 0179 04       		.byte	0x4
 213 017a 37       		.byte	0x37
 214 017b EC010000 		.4byte	0x1ec
 215 017f 0C       		.uleb128 0xc
 216 0180 93000000 		.4byte	.LASF27
 217 0184 04       		.byte	0x4
 218 0185 39       		.byte	0x39
 219 0186 55000000 		.4byte	0x55
 220 018a 00       		.byte	0
 221 018b 0C       		.uleb128 0xc
 222 018c D8040000 		.4byte	.LASF28
 223 0190 04       		.byte	0x4
 224 0191 3A       		.byte	0x3a
 225 0192 55000000 		.4byte	0x55
 226 0196 04       		.byte	0x4
 227 0197 0C       		.uleb128 0xc
 228 0198 C2000000 		.4byte	.LASF29
ARM GAS  /tmp/ccrq0cBI.s 			page 5


 229 019c 04       		.byte	0x4
 230 019d 3B       		.byte	0x3b
 231 019e 55000000 		.4byte	0x55
 232 01a2 08       		.byte	0x8
 233 01a3 0C       		.uleb128 0xc
 234 01a4 07060000 		.4byte	.LASF30
 235 01a8 04       		.byte	0x4
 236 01a9 3C       		.byte	0x3c
 237 01aa 55000000 		.4byte	0x55
 238 01ae 0C       		.byte	0xc
 239 01af 0C       		.uleb128 0xc
 240 01b0 94020000 		.4byte	.LASF31
 241 01b4 04       		.byte	0x4
 242 01b5 3D       		.byte	0x3d
 243 01b6 55000000 		.4byte	0x55
 244 01ba 10       		.byte	0x10
 245 01bb 0C       		.uleb128 0xc
 246 01bc 4F020000 		.4byte	.LASF32
 247 01c0 04       		.byte	0x4
 248 01c1 3E       		.byte	0x3e
 249 01c2 55000000 		.4byte	0x55
 250 01c6 14       		.byte	0x14
 251 01c7 0C       		.uleb128 0xc
 252 01c8 84050000 		.4byte	.LASF33
 253 01cc 04       		.byte	0x4
 254 01cd 3F       		.byte	0x3f
 255 01ce 55000000 		.4byte	0x55
 256 01d2 18       		.byte	0x18
 257 01d3 0C       		.uleb128 0xc
 258 01d4 F1020000 		.4byte	.LASF34
 259 01d8 04       		.byte	0x4
 260 01d9 40       		.byte	0x40
 261 01da 55000000 		.4byte	0x55
 262 01de 1C       		.byte	0x1c
 263 01df 0C       		.uleb128 0xc
 264 01e0 AE050000 		.4byte	.LASF35
 265 01e4 04       		.byte	0x4
 266 01e5 41       		.byte	0x41
 267 01e6 55000000 		.4byte	0x55
 268 01ea 20       		.byte	0x20
 269 01eb 00       		.byte	0
 270 01ec 10       		.uleb128 0x10
 271 01ed D1000000 		.4byte	.LASF36
 272 01f1 0801     		.2byte	0x108
 273 01f3 04       		.byte	0x4
 274 01f4 4A       		.byte	0x4a
 275 01f5 2C020000 		.4byte	0x22c
 276 01f9 0C       		.uleb128 0xc
 277 01fa 4D010000 		.4byte	.LASF37
 278 01fe 04       		.byte	0x4
 279 01ff 4B       		.byte	0x4b
 280 0200 2C020000 		.4byte	0x22c
 281 0204 00       		.byte	0
 282 0205 0C       		.uleb128 0xc
 283 0206 00000000 		.4byte	.LASF38
 284 020a 04       		.byte	0x4
 285 020b 4C       		.byte	0x4c
ARM GAS  /tmp/ccrq0cBI.s 			page 6


 286 020c 2C020000 		.4byte	0x22c
 287 0210 80       		.byte	0x80
 288 0211 11       		.uleb128 0x11
 289 0212 37050000 		.4byte	.LASF39
 290 0216 04       		.byte	0x4
 291 0217 4E       		.byte	0x4e
 292 0218 FF000000 		.4byte	0xff
 293 021c 0001     		.2byte	0x100
 294 021e 11       		.uleb128 0x11
 295 021f 06010000 		.4byte	.LASF40
 296 0223 04       		.byte	0x4
 297 0224 51       		.byte	0x51
 298 0225 FF000000 		.4byte	0xff
 299 0229 0401     		.2byte	0x104
 300 022b 00       		.byte	0
 301 022c 09       		.uleb128 0x9
 302 022d 6A000000 		.4byte	0x6a
 303 0231 3C020000 		.4byte	0x23c
 304 0235 0A       		.uleb128 0xa
 305 0236 5C000000 		.4byte	0x5c
 306 023a 1F       		.byte	0x1f
 307 023b 00       		.byte	0
 308 023c 0D       		.uleb128 0xd
 309 023d 9D020000 		.4byte	.LASF41
 310 0241 8C       		.byte	0x8c
 311 0242 04       		.byte	0x4
 312 0243 55       		.byte	0x55
 313 0244 79020000 		.4byte	0x279
 314 0248 0C       		.uleb128 0xc
 315 0249 24050000 		.4byte	.LASF21
 316 024d 04       		.byte	0x4
 317 024e 56       		.byte	0x56
 318 024f 79020000 		.4byte	0x279
 319 0253 00       		.byte	0
 320 0254 0C       		.uleb128 0xc
 321 0255 42030000 		.4byte	.LASF42
 322 0259 04       		.byte	0x4
 323 025a 57       		.byte	0x57
 324 025b 55000000 		.4byte	0x55
 325 025f 04       		.byte	0x4
 326 0260 0C       		.uleb128 0xc
 327 0261 55010000 		.4byte	.LASF43
 328 0265 04       		.byte	0x4
 329 0266 58       		.byte	0x58
 330 0267 7F020000 		.4byte	0x27f
 331 026b 08       		.byte	0x8
 332 026c 0C       		.uleb128 0xc
 333 026d 9D010000 		.4byte	.LASF44
 334 0271 04       		.byte	0x4
 335 0272 59       		.byte	0x59
 336 0273 96020000 		.4byte	0x296
 337 0277 88       		.byte	0x88
 338 0278 00       		.byte	0
 339 0279 0F       		.uleb128 0xf
 340 027a 04       		.byte	0x4
 341 027b 3C020000 		.4byte	0x23c
 342 027f 09       		.uleb128 0x9
ARM GAS  /tmp/ccrq0cBI.s 			page 7


 343 0280 8F020000 		.4byte	0x28f
 344 0284 8F020000 		.4byte	0x28f
 345 0288 0A       		.uleb128 0xa
 346 0289 5C000000 		.4byte	0x5c
 347 028d 1F       		.byte	0x1f
 348 028e 00       		.byte	0
 349 028f 0F       		.uleb128 0xf
 350 0290 04       		.byte	0x4
 351 0291 95020000 		.4byte	0x295
 352 0295 12       		.uleb128 0x12
 353 0296 0F       		.uleb128 0xf
 354 0297 04       		.byte	0x4
 355 0298 EC010000 		.4byte	0x1ec
 356 029c 0D       		.uleb128 0xd
 357 029d FB020000 		.4byte	.LASF45
 358 02a1 08       		.byte	0x8
 359 02a2 04       		.byte	0x4
 360 02a3 75       		.byte	0x75
 361 02a4 C1020000 		.4byte	0x2c1
 362 02a8 0C       		.uleb128 0xc
 363 02a9 BC000000 		.4byte	.LASF46
 364 02ad 04       		.byte	0x4
 365 02ae 76       		.byte	0x76
 366 02af C1020000 		.4byte	0x2c1
 367 02b3 00       		.byte	0
 368 02b4 0C       		.uleb128 0xc
 369 02b5 0C000000 		.4byte	.LASF47
 370 02b9 04       		.byte	0x4
 371 02ba 77       		.byte	0x77
 372 02bb 55000000 		.4byte	0x55
 373 02bf 04       		.byte	0x4
 374 02c0 00       		.byte	0
 375 02c1 0F       		.uleb128 0xf
 376 02c2 04       		.byte	0x4
 377 02c3 24000000 		.4byte	0x24
 378 02c7 0D       		.uleb128 0xd
 379 02c8 E5010000 		.4byte	.LASF48
 380 02cc 20       		.byte	0x20
 381 02cd 04       		.byte	0x4
 382 02ce 99       		.byte	0x99
 383 02cf 31030000 		.4byte	0x331
 384 02d3 0E       		.uleb128 0xe
 385 02d4 5F7000   		.ascii	"_p\000"
 386 02d7 04       		.byte	0x4
 387 02d8 9A       		.byte	0x9a
 388 02d9 C1020000 		.4byte	0x2c1
 389 02dd 00       		.byte	0
 390 02de 0E       		.uleb128 0xe
 391 02df 5F7200   		.ascii	"_r\000"
 392 02e2 04       		.byte	0x4
 393 02e3 9B       		.byte	0x9b
 394 02e4 55000000 		.4byte	0x55
 395 02e8 04       		.byte	0x4
 396 02e9 0E       		.uleb128 0xe
 397 02ea 5F7700   		.ascii	"_w\000"
 398 02ed 04       		.byte	0x4
 399 02ee 9C       		.byte	0x9c
ARM GAS  /tmp/ccrq0cBI.s 			page 8


 400 02ef 55000000 		.4byte	0x55
 401 02f3 08       		.byte	0x8
 402 02f4 0C       		.uleb128 0xc
 403 02f5 FF000000 		.4byte	.LASF49
 404 02f9 04       		.byte	0x4
 405 02fa 9D       		.byte	0x9d
 406 02fb 2B000000 		.4byte	0x2b
 407 02ff 0C       		.byte	0xc
 408 0300 0C       		.uleb128 0xc
 409 0301 79050000 		.4byte	.LASF50
 410 0305 04       		.byte	0x4
 411 0306 9E       		.byte	0x9e
 412 0307 2B000000 		.4byte	0x2b
 413 030b 0E       		.byte	0xe
 414 030c 0E       		.uleb128 0xe
 415 030d 5F626600 		.ascii	"_bf\000"
 416 0311 04       		.byte	0x4
 417 0312 9F       		.byte	0x9f
 418 0313 9C020000 		.4byte	0x29c
 419 0317 10       		.byte	0x10
 420 0318 0C       		.uleb128 0xc
 421 0319 62000000 		.4byte	.LASF51
 422 031d 04       		.byte	0x4
 423 031e A0       		.byte	0xa0
 424 031f 55000000 		.4byte	0x55
 425 0323 18       		.byte	0x18
 426 0324 0C       		.uleb128 0xc
 427 0325 25000000 		.4byte	.LASF52
 428 0329 04       		.byte	0x4
 429 032a A2       		.byte	0xa2
 430 032b 62040000 		.4byte	0x462
 431 032f 1C       		.byte	0x1c
 432 0330 00       		.byte	0
 433 0331 13       		.uleb128 0x13
 434 0332 C7020000 		.4byte	0x2c7
 435 0336 14       		.uleb128 0x14
 436 0337 7A030000 		.4byte	.LASF53
 437 033b 60       		.byte	0x60
 438 033c 04       		.byte	0x4
 439 033d 7401     		.2byte	0x174
 440 033f 62040000 		.4byte	0x462
 441 0343 15       		.uleb128 0x15
 442 0344 CC040000 		.4byte	.LASF54
 443 0348 04       		.byte	0x4
 444 0349 7801     		.2byte	0x178
 445 034b 55000000 		.4byte	0x55
 446 034f 00       		.byte	0
 447 0350 15       		.uleb128 0x15
 448 0351 0E010000 		.4byte	.LASF55
 449 0355 04       		.byte	0x4
 450 0356 7D01     		.2byte	0x17d
 451 0358 9C060000 		.4byte	0x69c
 452 035c 04       		.byte	0x4
 453 035d 15       		.uleb128 0x15
 454 035e C3010000 		.4byte	.LASF56
 455 0362 04       		.byte	0x4
 456 0363 7D01     		.2byte	0x17d
ARM GAS  /tmp/ccrq0cBI.s 			page 9


 457 0365 9C060000 		.4byte	0x69c
 458 0369 08       		.byte	0x8
 459 036a 15       		.uleb128 0x15
 460 036b 69010000 		.4byte	.LASF57
 461 036f 04       		.byte	0x4
 462 0370 7D01     		.2byte	0x17d
 463 0372 9C060000 		.4byte	0x69c
 464 0376 0C       		.byte	0xc
 465 0377 15       		.uleb128 0x15
 466 0378 3D030000 		.4byte	.LASF58
 467 037c 04       		.byte	0x4
 468 037d 7F01     		.2byte	0x17f
 469 037f 55000000 		.4byte	0x55
 470 0383 10       		.byte	0x10
 471 0384 15       		.uleb128 0x15
 472 0385 1A000000 		.4byte	.LASF59
 473 0389 04       		.byte	0x4
 474 038a 8101     		.2byte	0x181
 475 038c B5050000 		.4byte	0x5b5
 476 0390 14       		.byte	0x14
 477 0391 15       		.uleb128 0x15
 478 0392 A5020000 		.4byte	.LASF60
 479 0396 04       		.byte	0x4
 480 0397 8301     		.2byte	0x183
 481 0399 55000000 		.4byte	0x55
 482 039d 18       		.byte	0x18
 483 039e 15       		.uleb128 0x15
 484 039f 59030000 		.4byte	.LASF61
 485 03a3 04       		.byte	0x4
 486 03a4 8501     		.2byte	0x185
 487 03a6 55000000 		.4byte	0x55
 488 03aa 1C       		.byte	0x1c
 489 03ab 15       		.uleb128 0x15
 490 03ac 47030000 		.4byte	.LASF62
 491 03b0 04       		.byte	0x4
 492 03b1 8601     		.2byte	0x186
 493 03b3 EE070000 		.4byte	0x7ee
 494 03b7 20       		.byte	0x20
 495 03b8 16       		.uleb128 0x16
 496 03b9 5F6D7000 		.ascii	"_mp\000"
 497 03bd 04       		.byte	0x4
 498 03be 8801     		.2byte	0x188
 499 03c0 F4070000 		.4byte	0x7f4
 500 03c4 24       		.byte	0x24
 501 03c5 15       		.uleb128 0x15
 502 03c6 4F030000 		.4byte	.LASF63
 503 03ca 04       		.byte	0x4
 504 03cb 8A01     		.2byte	0x18a
 505 03cd 05080000 		.4byte	0x805
 506 03d1 28       		.byte	0x28
 507 03d2 15       		.uleb128 0x15
 508 03d3 79010000 		.4byte	.LASF64
 509 03d7 04       		.byte	0x4
 510 03d8 8C01     		.2byte	0x18c
 511 03da 55000000 		.4byte	0x55
 512 03de 2C       		.byte	0x2c
 513 03df 15       		.uleb128 0x15
ARM GAS  /tmp/ccrq0cBI.s 			page 10


 514 03e0 CB010000 		.4byte	.LASF65
 515 03e4 04       		.byte	0x4
 516 03e5 8F01     		.2byte	0x18f
 517 03e7 55000000 		.4byte	0x55
 518 03eb 30       		.byte	0x30
 519 03ec 15       		.uleb128 0x15
 520 03ed 1E010000 		.4byte	.LASF66
 521 03f1 04       		.byte	0x4
 522 03f2 9001     		.2byte	0x190
 523 03f4 B5050000 		.4byte	0x5b5
 524 03f8 34       		.byte	0x34
 525 03f9 15       		.uleb128 0x15
 526 03fa EF050000 		.4byte	.LASF67
 527 03fe 04       		.byte	0x4
 528 03ff 9201     		.2byte	0x192
 529 0401 0B080000 		.4byte	0x80b
 530 0405 38       		.byte	0x38
 531 0406 15       		.uleb128 0x15
 532 0407 B9050000 		.4byte	.LASF68
 533 040b 04       		.byte	0x4
 534 040c 9301     		.2byte	0x193
 535 040e 11080000 		.4byte	0x811
 536 0412 3C       		.byte	0x3c
 537 0413 15       		.uleb128 0x15
 538 0414 18020000 		.4byte	.LASF69
 539 0418 04       		.byte	0x4
 540 0419 9401     		.2byte	0x194
 541 041b B5050000 		.4byte	0x5b5
 542 041f 40       		.byte	0x40
 543 0420 15       		.uleb128 0x15
 544 0421 9E050000 		.4byte	.LASF70
 545 0425 04       		.byte	0x4
 546 0426 9701     		.2byte	0x197
 547 0428 22080000 		.4byte	0x822
 548 042c 44       		.byte	0x44
 549 042d 15       		.uleb128 0x15
 550 042e E7000000 		.4byte	.LASF71
 551 0432 04       		.byte	0x4
 552 0433 9F01     		.2byte	0x19f
 553 0435 61060000 		.4byte	0x661
 554 0439 48       		.byte	0x48
 555 043a 15       		.uleb128 0x15
 556 043b CC000000 		.4byte	.LASF72
 557 043f 04       		.byte	0x4
 558 0440 A001     		.2byte	0x1a0
 559 0442 9C060000 		.4byte	0x69c
 560 0446 54       		.byte	0x54
 561 0447 15       		.uleb128 0x15
 562 0448 61020000 		.4byte	.LASF73
 563 044c 04       		.byte	0x4
 564 044d A101     		.2byte	0x1a1
 565 044f 2E080000 		.4byte	0x82e
 566 0453 58       		.byte	0x58
 567 0454 15       		.uleb128 0x15
 568 0455 0C020000 		.4byte	.LASF74
 569 0459 04       		.byte	0x4
 570 045a A201     		.2byte	0x1a2
ARM GAS  /tmp/ccrq0cBI.s 			page 11


 571 045c B5050000 		.4byte	0x5b5
 572 0460 5C       		.byte	0x5c
 573 0461 00       		.byte	0
 574 0462 0F       		.uleb128 0xf
 575 0463 04       		.byte	0x4
 576 0464 36030000 		.4byte	0x336
 577 0468 13       		.uleb128 0x13
 578 0469 62040000 		.4byte	0x462
 579 046d 0D       		.uleb128 0xd
 580 046e 14030000 		.4byte	.LASF75
 581 0472 68       		.byte	0x68
 582 0473 04       		.byte	0x4
 583 0474 B5       		.byte	0xb5
 584 0475 97050000 		.4byte	0x597
 585 0479 0E       		.uleb128 0xe
 586 047a 5F7000   		.ascii	"_p\000"
 587 047d 04       		.byte	0x4
 588 047e B6       		.byte	0xb6
 589 047f C1020000 		.4byte	0x2c1
 590 0483 00       		.byte	0
 591 0484 0E       		.uleb128 0xe
 592 0485 5F7200   		.ascii	"_r\000"
 593 0488 04       		.byte	0x4
 594 0489 B7       		.byte	0xb7
 595 048a 55000000 		.4byte	0x55
 596 048e 04       		.byte	0x4
 597 048f 0E       		.uleb128 0xe
 598 0490 5F7700   		.ascii	"_w\000"
 599 0493 04       		.byte	0x4
 600 0494 B8       		.byte	0xb8
 601 0495 55000000 		.4byte	0x55
 602 0499 08       		.byte	0x8
 603 049a 0C       		.uleb128 0xc
 604 049b FF000000 		.4byte	.LASF49
 605 049f 04       		.byte	0x4
 606 04a0 B9       		.byte	0xb9
 607 04a1 2B000000 		.4byte	0x2b
 608 04a5 0C       		.byte	0xc
 609 04a6 0C       		.uleb128 0xc
 610 04a7 79050000 		.4byte	.LASF50
 611 04ab 04       		.byte	0x4
 612 04ac BA       		.byte	0xba
 613 04ad 2B000000 		.4byte	0x2b
 614 04b1 0E       		.byte	0xe
 615 04b2 0E       		.uleb128 0xe
 616 04b3 5F626600 		.ascii	"_bf\000"
 617 04b7 04       		.byte	0x4
 618 04b8 BB       		.byte	0xbb
 619 04b9 9C020000 		.4byte	0x29c
 620 04bd 10       		.byte	0x10
 621 04be 0C       		.uleb128 0xc
 622 04bf 62000000 		.4byte	.LASF51
 623 04c3 04       		.byte	0x4
 624 04c4 BC       		.byte	0xbc
 625 04c5 55000000 		.4byte	0x55
 626 04c9 18       		.byte	0x18
 627 04ca 0C       		.uleb128 0xc
ARM GAS  /tmp/ccrq0cBI.s 			page 12


 628 04cb 25000000 		.4byte	.LASF52
 629 04cf 04       		.byte	0x4
 630 04d0 BF       		.byte	0xbf
 631 04d1 62040000 		.4byte	0x462
 632 04d5 1C       		.byte	0x1c
 633 04d6 0C       		.uleb128 0xc
 634 04d7 DF000000 		.4byte	.LASF76
 635 04db 04       		.byte	0x4
 636 04dc C3       		.byte	0xc3
 637 04dd 6A000000 		.4byte	0x6a
 638 04e1 20       		.byte	0x20
 639 04e2 0C       		.uleb128 0xc
 640 04e3 88010000 		.4byte	.LASF77
 641 04e7 04       		.byte	0x4
 642 04e8 C5       		.byte	0xc5
 643 04e9 C7050000 		.4byte	0x5c7
 644 04ed 24       		.byte	0x24
 645 04ee 0C       		.uleb128 0xc
 646 04ef 48020000 		.4byte	.LASF78
 647 04f3 04       		.byte	0x4
 648 04f4 C7       		.byte	0xc7
 649 04f5 F1050000 		.4byte	0x5f1
 650 04f9 28       		.byte	0x28
 651 04fa 0C       		.uleb128 0xc
 652 04fb D6030000 		.4byte	.LASF79
 653 04ff 04       		.byte	0x4
 654 0500 CA       		.byte	0xca
 655 0501 15060000 		.4byte	0x615
 656 0505 2C       		.byte	0x2c
 657 0506 0C       		.uleb128 0xc
 658 0507 D7050000 		.4byte	.LASF80
 659 050b 04       		.byte	0x4
 660 050c CB       		.byte	0xcb
 661 050d 2F060000 		.4byte	0x62f
 662 0511 30       		.byte	0x30
 663 0512 0E       		.uleb128 0xe
 664 0513 5F756200 		.ascii	"_ub\000"
 665 0517 04       		.byte	0x4
 666 0518 CE       		.byte	0xce
 667 0519 9C020000 		.4byte	0x29c
 668 051d 34       		.byte	0x34
 669 051e 0E       		.uleb128 0xe
 670 051f 5F757000 		.ascii	"_up\000"
 671 0523 04       		.byte	0x4
 672 0524 CF       		.byte	0xcf
 673 0525 C1020000 		.4byte	0x2c1
 674 0529 3C       		.byte	0x3c
 675 052a 0E       		.uleb128 0xe
 676 052b 5F757200 		.ascii	"_ur\000"
 677 052f 04       		.byte	0x4
 678 0530 D0       		.byte	0xd0
 679 0531 55000000 		.4byte	0x55
 680 0535 40       		.byte	0x40
 681 0536 0C       		.uleb128 0xc
 682 0537 B6000000 		.4byte	.LASF81
 683 053b 04       		.byte	0x4
 684 053c D3       		.byte	0xd3
ARM GAS  /tmp/ccrq0cBI.s 			page 13


 685 053d 35060000 		.4byte	0x635
 686 0541 44       		.byte	0x44
 687 0542 0C       		.uleb128 0xc
 688 0543 A8050000 		.4byte	.LASF82
 689 0547 04       		.byte	0x4
 690 0548 D4       		.byte	0xd4
 691 0549 45060000 		.4byte	0x645
 692 054d 47       		.byte	0x47
 693 054e 0E       		.uleb128 0xe
 694 054f 5F6C6200 		.ascii	"_lb\000"
 695 0553 04       		.byte	0x4
 696 0554 D7       		.byte	0xd7
 697 0555 9C020000 		.4byte	0x29c
 698 0559 48       		.byte	0x48
 699 055a 0C       		.uleb128 0xc
 700 055b 15010000 		.4byte	.LASF83
 701 055f 04       		.byte	0x4
 702 0560 DA       		.byte	0xda
 703 0561 55000000 		.4byte	0x55
 704 0565 50       		.byte	0x50
 705 0566 0C       		.uleb128 0xc
 706 0567 26010000 		.4byte	.LASF84
 707 056b 04       		.byte	0x4
 708 056c DB       		.byte	0xdb
 709 056d 77000000 		.4byte	0x77
 710 0571 54       		.byte	0x54
 711 0572 0C       		.uleb128 0xc
 712 0573 3A020000 		.4byte	.LASF85
 713 0577 04       		.byte	0x4
 714 0578 E2       		.byte	0xe2
 715 0579 F4000000 		.4byte	0xf4
 716 057d 58       		.byte	0x58
 717 057e 0C       		.uleb128 0xc
 718 057f 1C030000 		.4byte	.LASF86
 719 0583 04       		.byte	0x4
 720 0584 E4       		.byte	0xe4
 721 0585 E9000000 		.4byte	0xe9
 722 0589 5C       		.byte	0x5c
 723 058a 0C       		.uleb128 0xc
 724 058b 40020000 		.4byte	.LASF87
 725 058f 04       		.byte	0x4
 726 0590 E5       		.byte	0xe5
 727 0591 55000000 		.4byte	0x55
 728 0595 64       		.byte	0x64
 729 0596 00       		.byte	0
 730 0597 17       		.uleb128 0x17
 731 0598 55000000 		.4byte	0x55
 732 059c B5050000 		.4byte	0x5b5
 733 05a0 18       		.uleb128 0x18
 734 05a1 62040000 		.4byte	0x462
 735 05a5 18       		.uleb128 0x18
 736 05a6 6A000000 		.4byte	0x6a
 737 05aa 18       		.uleb128 0x18
 738 05ab B5050000 		.4byte	0x5b5
 739 05af 18       		.uleb128 0x18
 740 05b0 55000000 		.4byte	0x55
 741 05b4 00       		.byte	0
ARM GAS  /tmp/ccrq0cBI.s 			page 14


 742 05b5 0F       		.uleb128 0xf
 743 05b6 04       		.byte	0x4
 744 05b7 BB050000 		.4byte	0x5bb
 745 05bb 02       		.uleb128 0x2
 746 05bc 01       		.byte	0x1
 747 05bd 08       		.byte	0x8
 748 05be D3040000 		.4byte	.LASF88
 749 05c2 13       		.uleb128 0x13
 750 05c3 BB050000 		.4byte	0x5bb
 751 05c7 0F       		.uleb128 0xf
 752 05c8 04       		.byte	0x4
 753 05c9 97050000 		.4byte	0x597
 754 05cd 17       		.uleb128 0x17
 755 05ce 55000000 		.4byte	0x55
 756 05d2 EB050000 		.4byte	0x5eb
 757 05d6 18       		.uleb128 0x18
 758 05d7 62040000 		.4byte	0x462
 759 05db 18       		.uleb128 0x18
 760 05dc 6A000000 		.4byte	0x6a
 761 05e0 18       		.uleb128 0x18
 762 05e1 EB050000 		.4byte	0x5eb
 763 05e5 18       		.uleb128 0x18
 764 05e6 55000000 		.4byte	0x55
 765 05ea 00       		.byte	0
 766 05eb 0F       		.uleb128 0xf
 767 05ec 04       		.byte	0x4
 768 05ed C2050000 		.4byte	0x5c2
 769 05f1 0F       		.uleb128 0xf
 770 05f2 04       		.byte	0x4
 771 05f3 CD050000 		.4byte	0x5cd
 772 05f7 17       		.uleb128 0x17
 773 05f8 82000000 		.4byte	0x82
 774 05fc 15060000 		.4byte	0x615
 775 0600 18       		.uleb128 0x18
 776 0601 62040000 		.4byte	0x462
 777 0605 18       		.uleb128 0x18
 778 0606 6A000000 		.4byte	0x6a
 779 060a 18       		.uleb128 0x18
 780 060b 82000000 		.4byte	0x82
 781 060f 18       		.uleb128 0x18
 782 0610 55000000 		.4byte	0x55
 783 0614 00       		.byte	0
 784 0615 0F       		.uleb128 0xf
 785 0616 04       		.byte	0x4
 786 0617 F7050000 		.4byte	0x5f7
 787 061b 17       		.uleb128 0x17
 788 061c 55000000 		.4byte	0x55
 789 0620 2F060000 		.4byte	0x62f
 790 0624 18       		.uleb128 0x18
 791 0625 62040000 		.4byte	0x462
 792 0629 18       		.uleb128 0x18
 793 062a 6A000000 		.4byte	0x6a
 794 062e 00       		.byte	0
 795 062f 0F       		.uleb128 0xf
 796 0630 04       		.byte	0x4
 797 0631 1B060000 		.4byte	0x61b
 798 0635 09       		.uleb128 0x9
ARM GAS  /tmp/ccrq0cBI.s 			page 15


 799 0636 24000000 		.4byte	0x24
 800 063a 45060000 		.4byte	0x645
 801 063e 0A       		.uleb128 0xa
 802 063f 5C000000 		.4byte	0x5c
 803 0643 02       		.byte	0x2
 804 0644 00       		.byte	0
 805 0645 09       		.uleb128 0x9
 806 0646 24000000 		.4byte	0x24
 807 064a 55060000 		.4byte	0x655
 808 064e 0A       		.uleb128 0xa
 809 064f 5C000000 		.4byte	0x5c
 810 0653 00       		.byte	0
 811 0654 00       		.byte	0
 812 0655 06       		.uleb128 0x6
 813 0656 02030000 		.4byte	.LASF89
 814 065a 04       		.byte	0x4
 815 065b 1F01     		.2byte	0x11f
 816 065d 6D040000 		.4byte	0x46d
 817 0661 14       		.uleb128 0x14
 818 0662 8E050000 		.4byte	.LASF90
 819 0666 0C       		.byte	0xc
 820 0667 04       		.byte	0x4
 821 0668 2301     		.2byte	0x123
 822 066a 96060000 		.4byte	0x696
 823 066e 15       		.uleb128 0x15
 824 066f 24050000 		.4byte	.LASF21
 825 0673 04       		.byte	0x4
 826 0674 2501     		.2byte	0x125
 827 0676 96060000 		.4byte	0x696
 828 067a 00       		.byte	0
 829 067b 15       		.uleb128 0x15
 830 067c F2010000 		.4byte	.LASF91
 831 0680 04       		.byte	0x4
 832 0681 2601     		.2byte	0x126
 833 0683 55000000 		.4byte	0x55
 834 0687 04       		.byte	0x4
 835 0688 15       		.uleb128 0x15
 836 0689 E1020000 		.4byte	.LASF92
 837 068d 04       		.byte	0x4
 838 068e 2701     		.2byte	0x127
 839 0690 9C060000 		.4byte	0x69c
 840 0694 08       		.byte	0x8
 841 0695 00       		.byte	0
 842 0696 0F       		.uleb128 0xf
 843 0697 04       		.byte	0x4
 844 0698 61060000 		.4byte	0x661
 845 069c 0F       		.uleb128 0xf
 846 069d 04       		.byte	0x4
 847 069e 55060000 		.4byte	0x655
 848 06a2 14       		.uleb128 0x14
 849 06a3 12000000 		.4byte	.LASF93
 850 06a7 18       		.byte	0x18
 851 06a8 04       		.byte	0x4
 852 06a9 3F01     		.2byte	0x13f
 853 06ab E4060000 		.4byte	0x6e4
 854 06af 15       		.uleb128 0x15
 855 06b0 81030000 		.4byte	.LASF94
ARM GAS  /tmp/ccrq0cBI.s 			page 16


 856 06b4 04       		.byte	0x4
 857 06b5 4001     		.2byte	0x140
 858 06b7 E4060000 		.4byte	0x6e4
 859 06bb 00       		.byte	0
 860 06bc 15       		.uleb128 0x15
 861 06bd 1E050000 		.4byte	.LASF95
 862 06c1 04       		.byte	0x4
 863 06c2 4101     		.2byte	0x141
 864 06c4 E4060000 		.4byte	0x6e4
 865 06c8 06       		.byte	0x6
 866 06c9 15       		.uleb128 0x15
 867 06ca 4C050000 		.4byte	.LASF96
 868 06ce 04       		.byte	0x4
 869 06cf 4201     		.2byte	0x142
 870 06d1 32000000 		.4byte	0x32
 871 06d5 0C       		.byte	0xc
 872 06d6 15       		.uleb128 0x15
 873 06d7 25030000 		.4byte	.LASF97
 874 06db 04       		.byte	0x4
 875 06dc 4501     		.2byte	0x145
 876 06de 4E000000 		.4byte	0x4e
 877 06e2 10       		.byte	0x10
 878 06e3 00       		.byte	0
 879 06e4 09       		.uleb128 0x9
 880 06e5 32000000 		.4byte	0x32
 881 06e9 F4060000 		.4byte	0x6f4
 882 06ed 0A       		.uleb128 0xa
 883 06ee 5C000000 		.4byte	0x5c
 884 06f2 02       		.byte	0x2
 885 06f3 00       		.byte	0
 886 06f4 14       		.uleb128 0x14
 887 06f5 F8000000 		.4byte	.LASF98
 888 06f9 10       		.byte	0x10
 889 06fa 04       		.byte	0x4
 890 06fb 5801     		.2byte	0x158
 891 06fd 36070000 		.4byte	0x736
 892 0701 15       		.uleb128 0x15
 893 0702 25020000 		.4byte	.LASF99
 894 0706 04       		.byte	0x4
 895 0707 5B01     		.2byte	0x15b
 896 0709 5D010000 		.4byte	0x15d
 897 070d 00       		.byte	0
 898 070e 15       		.uleb128 0x15
 899 070f 8E010000 		.4byte	.LASF100
 900 0713 04       		.byte	0x4
 901 0714 5C01     		.2byte	0x15c
 902 0716 55000000 		.4byte	0x55
 903 071a 04       		.byte	0x4
 904 071b 15       		.uleb128 0x15
 905 071c 02060000 		.4byte	.LASF101
 906 0720 04       		.byte	0x4
 907 0721 5D01     		.2byte	0x15d
 908 0723 5D010000 		.4byte	0x15d
 909 0727 08       		.byte	0x8
 910 0728 15       		.uleb128 0x15
 911 0729 B7020000 		.4byte	.LASF102
 912 072d 04       		.byte	0x4
ARM GAS  /tmp/ccrq0cBI.s 			page 17


 913 072e 5E01     		.2byte	0x15e
 914 0730 36070000 		.4byte	0x736
 915 0734 0C       		.byte	0xc
 916 0735 00       		.byte	0
 917 0736 0F       		.uleb128 0xf
 918 0737 04       		.byte	0x4
 919 0738 5D010000 		.4byte	0x15d
 920 073c 14       		.uleb128 0x14
 921 073d 40050000 		.4byte	.LASF103
 922 0741 50       		.byte	0x50
 923 0742 04       		.byte	0x4
 924 0743 6201     		.2byte	0x162
 925 0745 D9070000 		.4byte	0x7d9
 926 0749 15       		.uleb128 0x15
 927 074a 2A050000 		.4byte	.LASF104
 928 074e 04       		.byte	0x4
 929 074f 6501     		.2byte	0x165
 930 0751 B5050000 		.4byte	0x5b5
 931 0755 00       		.byte	0
 932 0756 15       		.uleb128 0x15
 933 0757 30030000 		.4byte	.LASF105
 934 075b 04       		.byte	0x4
 935 075c 6601     		.2byte	0x166
 936 075e E9000000 		.4byte	0xe9
 937 0762 04       		.byte	0x4
 938 0763 15       		.uleb128 0x15
 939 0764 85000000 		.4byte	.LASF106
 940 0768 04       		.byte	0x4
 941 0769 6701     		.2byte	0x167
 942 076b E9000000 		.4byte	0xe9
 943 076f 0C       		.byte	0xc
 944 0770 15       		.uleb128 0x15
 945 0771 F4050000 		.4byte	.LASF107
 946 0775 04       		.byte	0x4
 947 0776 6801     		.2byte	0x168
 948 0778 E9000000 		.4byte	0xe9
 949 077c 14       		.byte	0x14
 950 077d 15       		.uleb128 0x15
 951 077e 94050000 		.4byte	.LASF108
 952 0782 04       		.byte	0x4
 953 0783 6901     		.2byte	0x169
 954 0785 D9070000 		.4byte	0x7d9
 955 0789 1C       		.byte	0x1c
 956 078a 15       		.uleb128 0x15
 957 078b 59050000 		.4byte	.LASF109
 958 078f 04       		.byte	0x4
 959 0790 6A01     		.2byte	0x16a
 960 0792 55000000 		.4byte	0x55
 961 0796 24       		.byte	0x24
 962 0797 15       		.uleb128 0x15
 963 0798 3F010000 		.4byte	.LASF110
 964 079c 04       		.byte	0x4
 965 079d 6B01     		.2byte	0x16b
 966 079f E9000000 		.4byte	0xe9
 967 07a3 28       		.byte	0x28
 968 07a4 15       		.uleb128 0x15
 969 07a5 76000000 		.4byte	.LASF111
ARM GAS  /tmp/ccrq0cBI.s 			page 18


 970 07a9 04       		.byte	0x4
 971 07aa 6C01     		.2byte	0x16c
 972 07ac E9000000 		.4byte	0xe9
 973 07b0 30       		.byte	0x30
 974 07b1 15       		.uleb128 0x15
 975 07b2 2E010000 		.4byte	.LASF112
 976 07b6 04       		.byte	0x4
 977 07b7 6D01     		.2byte	0x16d
 978 07b9 E9000000 		.4byte	0xe9
 979 07bd 38       		.byte	0x38
 980 07be 15       		.uleb128 0x15
 981 07bf 2B000000 		.4byte	.LASF113
 982 07c3 04       		.byte	0x4
 983 07c4 6E01     		.2byte	0x16e
 984 07c6 E9000000 		.4byte	0xe9
 985 07ca 40       		.byte	0x40
 986 07cb 15       		.uleb128 0x15
 987 07cc 3A000000 		.4byte	.LASF114
 988 07d0 04       		.byte	0x4
 989 07d1 6F01     		.2byte	0x16f
 990 07d3 E9000000 		.4byte	0xe9
 991 07d7 48       		.byte	0x48
 992 07d8 00       		.byte	0
 993 07d9 09       		.uleb128 0x9
 994 07da BB050000 		.4byte	0x5bb
 995 07de E9070000 		.4byte	0x7e9
 996 07e2 0A       		.uleb128 0xa
 997 07e3 5C000000 		.4byte	0x5c
 998 07e7 07       		.byte	0x7
 999 07e8 00       		.byte	0
 1000 07e9 19       		.uleb128 0x19
 1001 07ea 6B000000 		.4byte	.LASF124
 1002 07ee 0F       		.uleb128 0xf
 1003 07ef 04       		.byte	0x4
 1004 07f0 E9070000 		.4byte	0x7e9
 1005 07f4 0F       		.uleb128 0xf
 1006 07f5 04       		.byte	0x4
 1007 07f6 F4060000 		.4byte	0x6f4
 1008 07fa 1A       		.uleb128 0x1a
 1009 07fb 05080000 		.4byte	0x805
 1010 07ff 18       		.uleb128 0x18
 1011 0800 62040000 		.4byte	0x462
 1012 0804 00       		.byte	0
 1013 0805 0F       		.uleb128 0xf
 1014 0806 04       		.byte	0x4
 1015 0807 FA070000 		.4byte	0x7fa
 1016 080b 0F       		.uleb128 0xf
 1017 080c 04       		.byte	0x4
 1018 080d A2060000 		.4byte	0x6a2
 1019 0811 0F       		.uleb128 0xf
 1020 0812 04       		.byte	0x4
 1021 0813 73010000 		.4byte	0x173
 1022 0817 1A       		.uleb128 0x1a
 1023 0818 22080000 		.4byte	0x822
 1024 081c 18       		.uleb128 0x18
 1025 081d 55000000 		.4byte	0x55
 1026 0821 00       		.byte	0
ARM GAS  /tmp/ccrq0cBI.s 			page 19


 1027 0822 0F       		.uleb128 0xf
 1028 0823 04       		.byte	0x4
 1029 0824 28080000 		.4byte	0x828
 1030 0828 0F       		.uleb128 0xf
 1031 0829 04       		.byte	0x4
 1032 082a 17080000 		.4byte	0x817
 1033 082e 0F       		.uleb128 0xf
 1034 082f 04       		.byte	0x4
 1035 0830 3C070000 		.4byte	0x73c
 1036 0834 1B       		.uleb128 0x1b
 1037 0835 73020000 		.4byte	.LASF115
 1038 0839 04       		.byte	0x4
 1039 083a CA01     		.2byte	0x1ca
 1040 083c 31030000 		.4byte	0x331
 1041 0840 1B       		.uleb128 0x1b
 1042 0841 83020000 		.4byte	.LASF116
 1043 0845 04       		.byte	0x4
 1044 0846 CB01     		.2byte	0x1cb
 1045 0848 31030000 		.4byte	0x331
 1046 084c 1B       		.uleb128 0x1b
 1047 084d DE050000 		.4byte	.LASF117
 1048 0851 04       		.byte	0x4
 1049 0852 CC01     		.2byte	0x1cc
 1050 0854 31030000 		.4byte	0x331
 1051 0858 1B       		.uleb128 0x1b
 1052 0859 DC030000 		.4byte	.LASF118
 1053 085d 04       		.byte	0x4
 1054 085e 2E03     		.2byte	0x32e
 1055 0860 62040000 		.4byte	0x462
 1056 0864 1B       		.uleb128 0x1b
 1057 0865 66050000 		.4byte	.LASF119
 1058 0869 04       		.byte	0x4
 1059 086a 2F03     		.2byte	0x32f
 1060 086c 68040000 		.4byte	0x468
 1061 0870 1B       		.uleb128 0x1b
 1062 0871 C8050000 		.4byte	.LASF120
 1063 0875 04       		.byte	0x4
 1064 0876 4103     		.2byte	0x341
 1065 0878 79020000 		.4byte	0x279
 1066 087c 00       		.byte	0
 1067              		.section	.debug_abbrev,"",%progbits
 1068              	.Ldebug_abbrev0:
 1069 0000 01       		.uleb128 0x1
 1070 0001 11       		.uleb128 0x11
 1071 0002 01       		.byte	0x1
 1072 0003 25       		.uleb128 0x25
 1073 0004 0E       		.uleb128 0xe
 1074 0005 13       		.uleb128 0x13
 1075 0006 0B       		.uleb128 0xb
 1076 0007 03       		.uleb128 0x3
 1077 0008 0E       		.uleb128 0xe
 1078 0009 1B       		.uleb128 0x1b
 1079 000a 0E       		.uleb128 0xe
 1080 000b 10       		.uleb128 0x10
 1081 000c 17       		.uleb128 0x17
 1082 000d 00       		.byte	0
 1083 000e 00       		.byte	0
ARM GAS  /tmp/ccrq0cBI.s 			page 20


 1084 000f 02       		.uleb128 0x2
 1085 0010 24       		.uleb128 0x24
 1086 0011 00       		.byte	0
 1087 0012 0B       		.uleb128 0xb
 1088 0013 0B       		.uleb128 0xb
 1089 0014 3E       		.uleb128 0x3e
 1090 0015 0B       		.uleb128 0xb
 1091 0016 03       		.uleb128 0x3
 1092 0017 0E       		.uleb128 0xe
 1093 0018 00       		.byte	0
 1094 0019 00       		.byte	0
 1095 001a 03       		.uleb128 0x3
 1096 001b 24       		.uleb128 0x24
 1097 001c 00       		.byte	0
 1098 001d 0B       		.uleb128 0xb
 1099 001e 0B       		.uleb128 0xb
 1100 001f 3E       		.uleb128 0x3e
 1101 0020 0B       		.uleb128 0xb
 1102 0021 03       		.uleb128 0x3
 1103 0022 08       		.uleb128 0x8
 1104 0023 00       		.byte	0
 1105 0024 00       		.byte	0
 1106 0025 04       		.uleb128 0x4
 1107 0026 0F       		.uleb128 0xf
 1108 0027 00       		.byte	0
 1109 0028 0B       		.uleb128 0xb
 1110 0029 0B       		.uleb128 0xb
 1111 002a 00       		.byte	0
 1112 002b 00       		.byte	0
 1113 002c 05       		.uleb128 0x5
 1114 002d 16       		.uleb128 0x16
 1115 002e 00       		.byte	0
 1116 002f 03       		.uleb128 0x3
 1117 0030 0E       		.uleb128 0xe
 1118 0031 3A       		.uleb128 0x3a
 1119 0032 0B       		.uleb128 0xb
 1120 0033 3B       		.uleb128 0x3b
 1121 0034 0B       		.uleb128 0xb
 1122 0035 49       		.uleb128 0x49
 1123 0036 13       		.uleb128 0x13
 1124 0037 00       		.byte	0
 1125 0038 00       		.byte	0
 1126 0039 06       		.uleb128 0x6
 1127 003a 16       		.uleb128 0x16
 1128 003b 00       		.byte	0
 1129 003c 03       		.uleb128 0x3
 1130 003d 0E       		.uleb128 0xe
 1131 003e 3A       		.uleb128 0x3a
 1132 003f 0B       		.uleb128 0xb
 1133 0040 3B       		.uleb128 0x3b
 1134 0041 05       		.uleb128 0x5
 1135 0042 49       		.uleb128 0x49
 1136 0043 13       		.uleb128 0x13
 1137 0044 00       		.byte	0
 1138 0045 00       		.byte	0
 1139 0046 07       		.uleb128 0x7
 1140 0047 17       		.uleb128 0x17
ARM GAS  /tmp/ccrq0cBI.s 			page 21


 1141 0048 01       		.byte	0x1
 1142 0049 0B       		.uleb128 0xb
 1143 004a 0B       		.uleb128 0xb
 1144 004b 3A       		.uleb128 0x3a
 1145 004c 0B       		.uleb128 0xb
 1146 004d 3B       		.uleb128 0x3b
 1147 004e 0B       		.uleb128 0xb
 1148 004f 01       		.uleb128 0x1
 1149 0050 13       		.uleb128 0x13
 1150 0051 00       		.byte	0
 1151 0052 00       		.byte	0
 1152 0053 08       		.uleb128 0x8
 1153 0054 0D       		.uleb128 0xd
 1154 0055 00       		.byte	0
 1155 0056 03       		.uleb128 0x3
 1156 0057 0E       		.uleb128 0xe
 1157 0058 3A       		.uleb128 0x3a
 1158 0059 0B       		.uleb128 0xb
 1159 005a 3B       		.uleb128 0x3b
 1160 005b 0B       		.uleb128 0xb
 1161 005c 49       		.uleb128 0x49
 1162 005d 13       		.uleb128 0x13
 1163 005e 00       		.byte	0
 1164 005f 00       		.byte	0
 1165 0060 09       		.uleb128 0x9
 1166 0061 01       		.uleb128 0x1
 1167 0062 01       		.byte	0x1
 1168 0063 49       		.uleb128 0x49
 1169 0064 13       		.uleb128 0x13
 1170 0065 01       		.uleb128 0x1
 1171 0066 13       		.uleb128 0x13
 1172 0067 00       		.byte	0
 1173 0068 00       		.byte	0
 1174 0069 0A       		.uleb128 0xa
 1175 006a 21       		.uleb128 0x21
 1176 006b 00       		.byte	0
 1177 006c 49       		.uleb128 0x49
 1178 006d 13       		.uleb128 0x13
 1179 006e 2F       		.uleb128 0x2f
 1180 006f 0B       		.uleb128 0xb
 1181 0070 00       		.byte	0
 1182 0071 00       		.byte	0
 1183 0072 0B       		.uleb128 0xb
 1184 0073 13       		.uleb128 0x13
 1185 0074 01       		.byte	0x1
 1186 0075 0B       		.uleb128 0xb
 1187 0076 0B       		.uleb128 0xb
 1188 0077 3A       		.uleb128 0x3a
 1189 0078 0B       		.uleb128 0xb
 1190 0079 3B       		.uleb128 0x3b
 1191 007a 0B       		.uleb128 0xb
 1192 007b 01       		.uleb128 0x1
 1193 007c 13       		.uleb128 0x13
 1194 007d 00       		.byte	0
 1195 007e 00       		.byte	0
 1196 007f 0C       		.uleb128 0xc
 1197 0080 0D       		.uleb128 0xd
ARM GAS  /tmp/ccrq0cBI.s 			page 22


 1198 0081 00       		.byte	0
 1199 0082 03       		.uleb128 0x3
 1200 0083 0E       		.uleb128 0xe
 1201 0084 3A       		.uleb128 0x3a
 1202 0085 0B       		.uleb128 0xb
 1203 0086 3B       		.uleb128 0x3b
 1204 0087 0B       		.uleb128 0xb
 1205 0088 49       		.uleb128 0x49
 1206 0089 13       		.uleb128 0x13
 1207 008a 38       		.uleb128 0x38
 1208 008b 0B       		.uleb128 0xb
 1209 008c 00       		.byte	0
 1210 008d 00       		.byte	0
 1211 008e 0D       		.uleb128 0xd
 1212 008f 13       		.uleb128 0x13
 1213 0090 01       		.byte	0x1
 1214 0091 03       		.uleb128 0x3
 1215 0092 0E       		.uleb128 0xe
 1216 0093 0B       		.uleb128 0xb
 1217 0094 0B       		.uleb128 0xb
 1218 0095 3A       		.uleb128 0x3a
 1219 0096 0B       		.uleb128 0xb
 1220 0097 3B       		.uleb128 0x3b
 1221 0098 0B       		.uleb128 0xb
 1222 0099 01       		.uleb128 0x1
 1223 009a 13       		.uleb128 0x13
 1224 009b 00       		.byte	0
 1225 009c 00       		.byte	0
 1226 009d 0E       		.uleb128 0xe
 1227 009e 0D       		.uleb128 0xd
 1228 009f 00       		.byte	0
 1229 00a0 03       		.uleb128 0x3
 1230 00a1 08       		.uleb128 0x8
 1231 00a2 3A       		.uleb128 0x3a
 1232 00a3 0B       		.uleb128 0xb
 1233 00a4 3B       		.uleb128 0x3b
 1234 00a5 0B       		.uleb128 0xb
 1235 00a6 49       		.uleb128 0x49
 1236 00a7 13       		.uleb128 0x13
 1237 00a8 38       		.uleb128 0x38
 1238 00a9 0B       		.uleb128 0xb
 1239 00aa 00       		.byte	0
 1240 00ab 00       		.byte	0
 1241 00ac 0F       		.uleb128 0xf
 1242 00ad 0F       		.uleb128 0xf
 1243 00ae 00       		.byte	0
 1244 00af 0B       		.uleb128 0xb
 1245 00b0 0B       		.uleb128 0xb
 1246 00b1 49       		.uleb128 0x49
 1247 00b2 13       		.uleb128 0x13
 1248 00b3 00       		.byte	0
 1249 00b4 00       		.byte	0
 1250 00b5 10       		.uleb128 0x10
 1251 00b6 13       		.uleb128 0x13
 1252 00b7 01       		.byte	0x1
 1253 00b8 03       		.uleb128 0x3
 1254 00b9 0E       		.uleb128 0xe
ARM GAS  /tmp/ccrq0cBI.s 			page 23


 1255 00ba 0B       		.uleb128 0xb
 1256 00bb 05       		.uleb128 0x5
 1257 00bc 3A       		.uleb128 0x3a
 1258 00bd 0B       		.uleb128 0xb
 1259 00be 3B       		.uleb128 0x3b
 1260 00bf 0B       		.uleb128 0xb
 1261 00c0 01       		.uleb128 0x1
 1262 00c1 13       		.uleb128 0x13
 1263 00c2 00       		.byte	0
 1264 00c3 00       		.byte	0
 1265 00c4 11       		.uleb128 0x11
 1266 00c5 0D       		.uleb128 0xd
 1267 00c6 00       		.byte	0
 1268 00c7 03       		.uleb128 0x3
 1269 00c8 0E       		.uleb128 0xe
 1270 00c9 3A       		.uleb128 0x3a
 1271 00ca 0B       		.uleb128 0xb
 1272 00cb 3B       		.uleb128 0x3b
 1273 00cc 0B       		.uleb128 0xb
 1274 00cd 49       		.uleb128 0x49
 1275 00ce 13       		.uleb128 0x13
 1276 00cf 38       		.uleb128 0x38
 1277 00d0 05       		.uleb128 0x5
 1278 00d1 00       		.byte	0
 1279 00d2 00       		.byte	0
 1280 00d3 12       		.uleb128 0x12
 1281 00d4 15       		.uleb128 0x15
 1282 00d5 00       		.byte	0
 1283 00d6 27       		.uleb128 0x27
 1284 00d7 19       		.uleb128 0x19
 1285 00d8 00       		.byte	0
 1286 00d9 00       		.byte	0
 1287 00da 13       		.uleb128 0x13
 1288 00db 26       		.uleb128 0x26
 1289 00dc 00       		.byte	0
 1290 00dd 49       		.uleb128 0x49
 1291 00de 13       		.uleb128 0x13
 1292 00df 00       		.byte	0
 1293 00e0 00       		.byte	0
 1294 00e1 14       		.uleb128 0x14
 1295 00e2 13       		.uleb128 0x13
 1296 00e3 01       		.byte	0x1
 1297 00e4 03       		.uleb128 0x3
 1298 00e5 0E       		.uleb128 0xe
 1299 00e6 0B       		.uleb128 0xb
 1300 00e7 0B       		.uleb128 0xb
 1301 00e8 3A       		.uleb128 0x3a
 1302 00e9 0B       		.uleb128 0xb
 1303 00ea 3B       		.uleb128 0x3b
 1304 00eb 05       		.uleb128 0x5
 1305 00ec 01       		.uleb128 0x1
 1306 00ed 13       		.uleb128 0x13
 1307 00ee 00       		.byte	0
 1308 00ef 00       		.byte	0
 1309 00f0 15       		.uleb128 0x15
 1310 00f1 0D       		.uleb128 0xd
 1311 00f2 00       		.byte	0
ARM GAS  /tmp/ccrq0cBI.s 			page 24


 1312 00f3 03       		.uleb128 0x3
 1313 00f4 0E       		.uleb128 0xe
 1314 00f5 3A       		.uleb128 0x3a
 1315 00f6 0B       		.uleb128 0xb
 1316 00f7 3B       		.uleb128 0x3b
 1317 00f8 05       		.uleb128 0x5
 1318 00f9 49       		.uleb128 0x49
 1319 00fa 13       		.uleb128 0x13
 1320 00fb 38       		.uleb128 0x38
 1321 00fc 0B       		.uleb128 0xb
 1322 00fd 00       		.byte	0
 1323 00fe 00       		.byte	0
 1324 00ff 16       		.uleb128 0x16
 1325 0100 0D       		.uleb128 0xd
 1326 0101 00       		.byte	0
 1327 0102 03       		.uleb128 0x3
 1328 0103 08       		.uleb128 0x8
 1329 0104 3A       		.uleb128 0x3a
 1330 0105 0B       		.uleb128 0xb
 1331 0106 3B       		.uleb128 0x3b
 1332 0107 05       		.uleb128 0x5
 1333 0108 49       		.uleb128 0x49
 1334 0109 13       		.uleb128 0x13
 1335 010a 38       		.uleb128 0x38
 1336 010b 0B       		.uleb128 0xb
 1337 010c 00       		.byte	0
 1338 010d 00       		.byte	0
 1339 010e 17       		.uleb128 0x17
 1340 010f 15       		.uleb128 0x15
 1341 0110 01       		.byte	0x1
 1342 0111 27       		.uleb128 0x27
 1343 0112 19       		.uleb128 0x19
 1344 0113 49       		.uleb128 0x49
 1345 0114 13       		.uleb128 0x13
 1346 0115 01       		.uleb128 0x1
 1347 0116 13       		.uleb128 0x13
 1348 0117 00       		.byte	0
 1349 0118 00       		.byte	0
 1350 0119 18       		.uleb128 0x18
 1351 011a 05       		.uleb128 0x5
 1352 011b 00       		.byte	0
 1353 011c 49       		.uleb128 0x49
 1354 011d 13       		.uleb128 0x13
 1355 011e 00       		.byte	0
 1356 011f 00       		.byte	0
 1357 0120 19       		.uleb128 0x19
 1358 0121 13       		.uleb128 0x13
 1359 0122 00       		.byte	0
 1360 0123 03       		.uleb128 0x3
 1361 0124 0E       		.uleb128 0xe
 1362 0125 3C       		.uleb128 0x3c
 1363 0126 19       		.uleb128 0x19
 1364 0127 00       		.byte	0
 1365 0128 00       		.byte	0
 1366 0129 1A       		.uleb128 0x1a
 1367 012a 15       		.uleb128 0x15
 1368 012b 01       		.byte	0x1
ARM GAS  /tmp/ccrq0cBI.s 			page 25


 1369 012c 27       		.uleb128 0x27
 1370 012d 19       		.uleb128 0x19
 1371 012e 01       		.uleb128 0x1
 1372 012f 13       		.uleb128 0x13
 1373 0130 00       		.byte	0
 1374 0131 00       		.byte	0
 1375 0132 1B       		.uleb128 0x1b
 1376 0133 34       		.uleb128 0x34
 1377 0134 00       		.byte	0
 1378 0135 03       		.uleb128 0x3
 1379 0136 0E       		.uleb128 0xe
 1380 0137 3A       		.uleb128 0x3a
 1381 0138 0B       		.uleb128 0xb
 1382 0139 3B       		.uleb128 0x3b
 1383 013a 05       		.uleb128 0x5
 1384 013b 49       		.uleb128 0x49
 1385 013c 13       		.uleb128 0x13
 1386 013d 3F       		.uleb128 0x3f
 1387 013e 19       		.uleb128 0x19
 1388 013f 3C       		.uleb128 0x3c
 1389 0140 19       		.uleb128 0x19
 1390 0141 00       		.byte	0
 1391 0142 00       		.byte	0
 1392 0143 00       		.byte	0
 1393              		.section	.debug_aranges,"",%progbits
 1394 0000 14000000 		.4byte	0x14
 1395 0004 0200     		.2byte	0x2
 1396 0006 00000000 		.4byte	.Ldebug_info0
 1397 000a 04       		.byte	0x4
 1398 000b 00       		.byte	0
 1399 000c 0000     		.2byte	0
 1400 000e 0000     		.2byte	0
 1401 0010 00000000 		.4byte	0
 1402 0014 00000000 		.4byte	0
 1403              		.section	.debug_line,"",%progbits
 1404              	.Ldebug_line0:
 1405 0000 8E000000 		.section	.debug_str,"MS",%progbits,1
 1405      02008800 
 1405      00000201 
 1405      FB0E0D00 
 1405      01010101 
 1406              	.LASF38:
 1407 0000 5F64736F 		.ascii	"_dso_handle\000"
 1407      5F68616E 
 1407      646C6500 
 1408              	.LASF47:
 1409 000c 5F73697A 		.ascii	"_size\000"
 1409      6500
 1410              	.LASF93:
 1411 0012 5F72616E 		.ascii	"_rand48\000"
 1411      64343800 
 1412              	.LASF59:
 1413 001a 5F656D65 		.ascii	"_emergency\000"
 1413      7267656E 
 1413      637900
 1414              	.LASF52:
 1415 0025 5F646174 		.ascii	"_data\000"
ARM GAS  /tmp/ccrq0cBI.s 			page 26


 1415      6100
 1416              	.LASF113:
 1417 002b 5F776372 		.ascii	"_wcrtomb_state\000"
 1417      746F6D62 
 1417      5F737461 
 1417      746500
 1418              	.LASF114:
 1419 003a 5F776373 		.ascii	"_wcsrtombs_state\000"
 1419      72746F6D 
 1419      62735F73 
 1419      74617465 
 1419      00
 1420              	.LASF7:
 1421 004b 6C6F6E67 		.ascii	"long long unsigned int\000"
 1421      206C6F6E 
 1421      6720756E 
 1421      7369676E 
 1421      65642069 
 1422              	.LASF51:
 1423 0062 5F6C6266 		.ascii	"_lbfsize\000"
 1423      73697A65 
 1423      00
 1424              	.LASF124:
 1425 006b 5F5F6C6F 		.ascii	"__locale_t\000"
 1425      63616C65 
 1425      5F7400
 1426              	.LASF111:
 1427 0076 5F6D6272 		.ascii	"_mbrtowc_state\000"
 1427      746F7763 
 1427      5F737461 
 1427      746500
 1428              	.LASF106:
 1429 0085 5F776374 		.ascii	"_wctomb_state\000"
 1429      6F6D625F 
 1429      73746174 
 1429      6500
 1430              	.LASF27:
 1431 0093 5F5F746D 		.ascii	"__tm_sec\000"
 1431      5F736563 
 1431      00
 1432              	.LASF6:
 1433 009c 6C6F6E67 		.ascii	"long long int\000"
 1433      206C6F6E 
 1433      6720696E 
 1433      7400
 1434              	.LASF0:
 1435 00aa 7369676E 		.ascii	"signed char\000"
 1435      65642063 
 1435      68617200 
 1436              	.LASF81:
 1437 00b6 5F756275 		.ascii	"_ubuf\000"
 1437      6600
 1438              	.LASF46:
 1439 00bc 5F626173 		.ascii	"_base\000"
 1439      6500
 1440              	.LASF29:
 1441 00c2 5F5F746D 		.ascii	"__tm_hour\000"
ARM GAS  /tmp/ccrq0cBI.s 			page 27


 1441      5F686F75 
 1441      7200
 1442              	.LASF72:
 1443 00cc 5F5F7366 		.ascii	"__sf\000"
 1443      00
 1444              	.LASF36:
 1445 00d1 5F6F6E5F 		.ascii	"_on_exit_args\000"
 1445      65786974 
 1445      5F617267 
 1445      7300
 1446              	.LASF76:
 1447 00df 5F636F6F 		.ascii	"_cookie\000"
 1447      6B696500 
 1448              	.LASF71:
 1449 00e7 5F5F7367 		.ascii	"__sglue\000"
 1449      6C756500 
 1450              	.LASF4:
 1451 00ef 6C6F6E67 		.ascii	"long int\000"
 1451      20696E74 
 1451      00
 1452              	.LASF98:
 1453 00f8 5F6D7072 		.ascii	"_mprec\000"
 1453      656300
 1454              	.LASF49:
 1455 00ff 5F666C61 		.ascii	"_flags\000"
 1455      677300
 1456              	.LASF40:
 1457 0106 5F69735F 		.ascii	"_is_cxa\000"
 1457      63786100 
 1458              	.LASF55:
 1459 010e 5F737464 		.ascii	"_stdin\000"
 1459      696E00
 1460              	.LASF83:
 1461 0115 5F626C6B 		.ascii	"_blksize\000"
 1461      73697A65 
 1461      00
 1462              	.LASF66:
 1463 011e 5F637674 		.ascii	"_cvtbuf\000"
 1463      62756600 
 1464              	.LASF84:
 1465 0126 5F6F6666 		.ascii	"_offset\000"
 1465      73657400 
 1466              	.LASF112:
 1467 012e 5F6D6273 		.ascii	"_mbsrtowcs_state\000"
 1467      72746F77 
 1467      63735F73 
 1467      74617465 
 1467      00
 1468              	.LASF110:
 1469 013f 5F6D6272 		.ascii	"_mbrlen_state\000"
 1469      6C656E5F 
 1469      73746174 
 1469      6500
 1470              	.LASF37:
 1471 014d 5F666E61 		.ascii	"_fnargs\000"
 1471      72677300 
 1472              	.LASF43:
ARM GAS  /tmp/ccrq0cBI.s 			page 28


 1473 0155 5F666E73 		.ascii	"_fns\000"
 1473      00
 1474              	.LASF23:
 1475 015a 5F736967 		.ascii	"_sign\000"
 1475      6E00
 1476              	.LASF19:
 1477 0160 5F666C6F 		.ascii	"_flock_t\000"
 1477      636B5F74 
 1477      00
 1478              	.LASF57:
 1479 0169 5F737464 		.ascii	"_stderr\000"
 1479      65727200 
 1480              	.LASF25:
 1481 0171 5F426967 		.ascii	"_Bigint\000"
 1481      696E7400 
 1482              	.LASF64:
 1483 0179 5F67616D 		.ascii	"_gamma_signgam\000"
 1483      6D615F73 
 1483      69676E67 
 1483      616D00
 1484              	.LASF77:
 1485 0188 5F726561 		.ascii	"_read\000"
 1485      6400
 1486              	.LASF100:
 1487 018e 5F726573 		.ascii	"_result_k\000"
 1487      756C745F 
 1487      6B00
 1488              	.LASF26:
 1489 0198 5F5F746D 		.ascii	"__tm\000"
 1489      00
 1490              	.LASF44:
 1491 019d 5F6F6E5F 		.ascii	"_on_exit_args_ptr\000"
 1491      65786974 
 1491      5F617267 
 1491      735F7074 
 1491      7200
 1492              	.LASF8:
 1493 01af 756E7369 		.ascii	"unsigned int\000"
 1493      676E6564 
 1493      20696E74 
 1493      00
 1494              	.LASF15:
 1495 01bc 5F5F7763 		.ascii	"__wchb\000"
 1495      686200
 1496              	.LASF56:
 1497 01c3 5F737464 		.ascii	"_stdout\000"
 1497      6F757400 
 1498              	.LASF65:
 1499 01cb 5F637674 		.ascii	"_cvtlen\000"
 1499      6C656E00 
 1500              	.LASF5:
 1501 01d3 6C6F6E67 		.ascii	"long unsigned int\000"
 1501      20756E73 
 1501      69676E65 
 1501      6420696E 
 1501      7400
 1502              	.LASF48:
ARM GAS  /tmp/ccrq0cBI.s 			page 29


 1503 01e5 5F5F7346 		.ascii	"__sFILE_fake\000"
 1503      494C455F 
 1503      66616B65 
 1503      00
 1504              	.LASF91:
 1505 01f2 5F6E696F 		.ascii	"_niobs\000"
 1505      627300
 1506              	.LASF3:
 1507 01f9 73686F72 		.ascii	"short unsigned int\000"
 1507      7420756E 
 1507      7369676E 
 1507      65642069 
 1507      6E7400
 1508              	.LASF74:
 1509 020c 5F736967 		.ascii	"_signal_buf\000"
 1509      6E616C5F 
 1509      62756600 
 1510              	.LASF69:
 1511 0218 5F617363 		.ascii	"_asctime_buf\000"
 1511      74696D65 
 1511      5F627566 
 1511      00
 1512              	.LASF99:
 1513 0225 5F726573 		.ascii	"_result\000"
 1513      756C7400 
 1514              	.LASF14:
 1515 022d 5F5F7763 		.ascii	"__wch\000"
 1515      6800
 1516              	.LASF13:
 1517 0233 77696E74 		.ascii	"wint_t\000"
 1517      5F7400
 1518              	.LASF85:
 1519 023a 5F6C6F63 		.ascii	"_lock\000"
 1519      6B00
 1520              	.LASF87:
 1521 0240 5F666C61 		.ascii	"_flags2\000"
 1521      67733200 
 1522              	.LASF78:
 1523 0248 5F777269 		.ascii	"_write\000"
 1523      746500
 1524              	.LASF32:
 1525 024f 5F5F746D 		.ascii	"__tm_year\000"
 1525      5F796561 
 1525      7200
 1526              	.LASF16:
 1527 0259 5F5F636F 		.ascii	"__count\000"
 1527      756E7400 
 1528              	.LASF73:
 1529 0261 5F6D6973 		.ascii	"_misc\000"
 1529      6300
 1530              	.LASF9:
 1531 0267 6C6F6E67 		.ascii	"long double\000"
 1531      20646F75 
 1531      626C6500 
 1532              	.LASF115:
 1533 0273 5F5F7366 		.ascii	"__sf_fake_stdin\000"
 1533      5F66616B 
ARM GAS  /tmp/ccrq0cBI.s 			page 30


 1533      655F7374 
 1533      64696E00 
 1534              	.LASF116:
 1535 0283 5F5F7366 		.ascii	"__sf_fake_stdout\000"
 1535      5F66616B 
 1535      655F7374 
 1535      646F7574 
 1535      00
 1536              	.LASF31:
 1537 0294 5F5F746D 		.ascii	"__tm_mon\000"
 1537      5F6D6F6E 
 1537      00
 1538              	.LASF41:
 1539 029d 5F617465 		.ascii	"_atexit\000"
 1539      78697400 
 1540              	.LASF60:
 1541 02a5 5F5F7364 		.ascii	"__sdidinit\000"
 1541      6964696E 
 1541      697400
 1542              	.LASF11:
 1543 02b0 5F6F6666 		.ascii	"_off_t\000"
 1543      5F7400
 1544              	.LASF102:
 1545 02b7 5F667265 		.ascii	"_freelist\000"
 1545      656C6973 
 1545      7400
 1546              	.LASF10:
 1547 02c1 5F4C4F43 		.ascii	"_LOCK_RECURSIVE_T\000"
 1547      4B5F5245 
 1547      43555253 
 1547      4956455F 
 1547      5400
 1548              	.LASF1:
 1549 02d3 756E7369 		.ascii	"unsigned char\000"
 1549      676E6564 
 1549      20636861 
 1549      7200
 1550              	.LASF92:
 1551 02e1 5F696F62 		.ascii	"_iobs\000"
 1551      7300
 1552              	.LASF2:
 1553 02e7 73686F72 		.ascii	"short int\000"
 1553      7420696E 
 1553      7400
 1554              	.LASF34:
 1555 02f1 5F5F746D 		.ascii	"__tm_yday\000"
 1555      5F796461 
 1555      7900
 1556              	.LASF45:
 1557 02fb 5F5F7362 		.ascii	"__sbuf\000"
 1557      756600
 1558              	.LASF89:
 1559 0302 5F5F4649 		.ascii	"__FILE\000"
 1559      4C4500
 1560              	.LASF18:
 1561 0309 5F6D6273 		.ascii	"_mbstate_t\000"
 1561      74617465 
ARM GAS  /tmp/ccrq0cBI.s 			page 31


 1561      5F7400
 1562              	.LASF75:
 1563 0314 5F5F7346 		.ascii	"__sFILE\000"
 1563      494C4500 
 1564              	.LASF86:
 1565 031c 5F6D6273 		.ascii	"_mbstate\000"
 1565      74617465 
 1565      00
 1566              	.LASF97:
 1567 0325 5F72616E 		.ascii	"_rand_next\000"
 1567      645F6E65 
 1567      787400
 1568              	.LASF105:
 1569 0330 5F6D626C 		.ascii	"_mblen_state\000"
 1569      656E5F73 
 1569      74617465 
 1569      00
 1570              	.LASF58:
 1571 033d 5F696E63 		.ascii	"_inc\000"
 1571      00
 1572              	.LASF42:
 1573 0342 5F696E64 		.ascii	"_ind\000"
 1573      00
 1574              	.LASF62:
 1575 0347 5F6C6F63 		.ascii	"_locale\000"
 1575      616C6500 
 1576              	.LASF63:
 1577 034f 5F5F636C 		.ascii	"__cleanup\000"
 1577      65616E75 
 1577      7000
 1578              	.LASF61:
 1579 0359 5F756E73 		.ascii	"_unspecified_locale_info\000"
 1579      70656369 
 1579      66696564 
 1579      5F6C6F63 
 1579      616C655F 
 1580              	.LASF22:
 1581 0372 5F6D6178 		.ascii	"_maxwds\000"
 1581      77647300 
 1582              	.LASF53:
 1583 037a 5F726565 		.ascii	"_reent\000"
 1583      6E7400
 1584              	.LASF94:
 1585 0381 5F736565 		.ascii	"_seed\000"
 1585      6400
 1586              	.LASF123:
 1587 0387 2F686F6D 		.ascii	"/home/tongcheng/Downloads/RM2019_Power_Runes-master"
 1587      652F746F 
 1587      6E676368 
 1587      656E672F 
 1587      446F776E 
 1588 03ba 2F524D32 		.ascii	"/RM2019_Power_Runes\000"
 1588      3031395F 
 1588      506F7765 
 1588      725F5275 
 1588      6E657300 
 1589              	.LASF17:
ARM GAS  /tmp/ccrq0cBI.s 			page 32


 1590 03ce 5F5F7661 		.ascii	"__value\000"
 1590      6C756500 
 1591              	.LASF79:
 1592 03d6 5F736565 		.ascii	"_seek\000"
 1592      6B00
 1593              	.LASF118:
 1594 03dc 5F696D70 		.ascii	"_impure_ptr\000"
 1594      7572655F 
 1594      70747200 
 1595              	.LASF121:
 1596 03e8 474E5520 		.ascii	"GNU C11 7.3.1 20180622 (release) [ARM/embedded-7-br"
 1596      43313120 
 1596      372E332E 
 1596      31203230 
 1596      31383036 
 1597 041b 616E6368 		.ascii	"anch revision 261907] -mcpu=cortex-m4 -mthumb -mflo"
 1597      20726576 
 1597      6973696F 
 1597      6E203236 
 1597      31393037 
 1598 044e 61742D61 		.ascii	"at-abi=hard -mfpu=fpv4-sp-d16 -ggdb -O3 -std=c11 -f"
 1598      62693D68 
 1598      61726420 
 1598      2D6D6670 
 1598      753D6670 
 1599 0481 6F6D6974 		.ascii	"omit-frame-pointer -ffunction-sections -fdata-secti"
 1599      2D667261 
 1599      6D652D70 
 1599      6F696E74 
 1599      6572202D 
 1600 04b4 6F6E7320 		.ascii	"ons -fno-common\000"
 1600      2D666E6F 
 1600      2D636F6D 
 1600      6D6F6E00 
 1601              	.LASF12:
 1602 04c4 5F66706F 		.ascii	"_fpos_t\000"
 1602      735F7400 
 1603              	.LASF54:
 1604 04cc 5F657272 		.ascii	"_errno\000"
 1604      6E6F00
 1605              	.LASF88:
 1606 04d3 63686172 		.ascii	"char\000"
 1606      00
 1607              	.LASF28:
 1608 04d8 5F5F746D 		.ascii	"__tm_min\000"
 1608      5F6D696E 
 1608      00
 1609              	.LASF122:
 1610 04e1 2E2F524D 		.ascii	"./RM18A-ChibiOS18-Core/src/ext_hw/VL53L0X/vl53l0x_p"
 1610      3138412D 
 1610      43686962 
 1610      694F5331 
 1610      382D436F 
 1611 0514 6C617466 		.ascii	"latform.c\000"
 1611      6F726D2E 
 1611      6300
 1612              	.LASF95:
ARM GAS  /tmp/ccrq0cBI.s 			page 33


 1613 051e 5F6D756C 		.ascii	"_mult\000"
 1613      7400
 1614              	.LASF21:
 1615 0524 5F6E6578 		.ascii	"_next\000"
 1615      7400
 1616              	.LASF104:
 1617 052a 5F737472 		.ascii	"_strtok_last\000"
 1617      746F6B5F 
 1617      6C617374 
 1617      00
 1618              	.LASF39:
 1619 0537 5F666E74 		.ascii	"_fntypes\000"
 1619      79706573 
 1619      00
 1620              	.LASF103:
 1621 0540 5F6D6973 		.ascii	"_misc_reent\000"
 1621      635F7265 
 1621      656E7400 
 1622              	.LASF96:
 1623 054c 5F616464 		.ascii	"_add\000"
 1623      00
 1624              	.LASF20:
 1625 0551 5F5F554C 		.ascii	"__ULong\000"
 1625      6F6E6700 
 1626              	.LASF109:
 1627 0559 5F676574 		.ascii	"_getdate_err\000"
 1627      64617465 
 1627      5F657272 
 1627      00
 1628              	.LASF119:
 1629 0566 5F676C6F 		.ascii	"_global_impure_ptr\000"
 1629      62616C5F 
 1629      696D7075 
 1629      72655F70 
 1629      747200
 1630              	.LASF50:
 1631 0579 5F66696C 		.ascii	"_file\000"
 1631      6500
 1632              	.LASF24:
 1633 057f 5F776473 		.ascii	"_wds\000"
 1633      00
 1634              	.LASF33:
 1635 0584 5F5F746D 		.ascii	"__tm_wday\000"
 1635      5F776461 
 1635      7900
 1636              	.LASF90:
 1637 058e 5F676C75 		.ascii	"_glue\000"
 1637      6500
 1638              	.LASF108:
 1639 0594 5F6C3634 		.ascii	"_l64a_buf\000"
 1639      615F6275 
 1639      6600
 1640              	.LASF70:
 1641 059e 5F736967 		.ascii	"_sig_func\000"
 1641      5F66756E 
 1641      6300
 1642              	.LASF82:
ARM GAS  /tmp/ccrq0cBI.s 			page 34


 1643 05a8 5F6E6275 		.ascii	"_nbuf\000"
 1643      6600
 1644              	.LASF35:
 1645 05ae 5F5F746D 		.ascii	"__tm_isdst\000"
 1645      5F697364 
 1645      737400
 1646              	.LASF68:
 1647 05b9 5F6C6F63 		.ascii	"_localtime_buf\000"
 1647      616C7469 
 1647      6D655F62 
 1647      756600
 1648              	.LASF120:
 1649 05c8 5F676C6F 		.ascii	"_global_atexit\000"
 1649      62616C5F 
 1649      61746578 
 1649      697400
 1650              	.LASF80:
 1651 05d7 5F636C6F 		.ascii	"_close\000"
 1651      736500
 1652              	.LASF117:
 1653 05de 5F5F7366 		.ascii	"__sf_fake_stderr\000"
 1653      5F66616B 
 1653      655F7374 
 1653      64657272 
 1653      00
 1654              	.LASF67:
 1655 05ef 5F723438 		.ascii	"_r48\000"
 1655      00
 1656              	.LASF107:
 1657 05f4 5F6D6274 		.ascii	"_mbtowc_state\000"
 1657      6F77635F 
 1657      73746174 
 1657      6500
 1658              	.LASF101:
 1659 0602 5F703573 		.ascii	"_p5s\000"
 1659      00
 1660              	.LASF30:
 1661 0607 5F5F746D 		.ascii	"__tm_mday\000"
 1661      5F6D6461 
 1661      7900
 1662              		.ident	"GCC: (GNU Tools for Arm Embedded Processors 7-2018-q3-update) 7.3.1 20180622 (release) [AR
ARM GAS  /tmp/ccrq0cBI.s 			page 35


DEFINED SYMBOLS
                            *ABS*:0000000000000000 vl53l0x_platform.c

NO UNDEFINED SYMBOLS
